#
# There is insufficient memory for the Java Runtime Environment to continue.
# Native memory allocation (malloc) failed to allocate 1860336 bytes for Chunk::new
# Possible reasons:
#   The system is out of physical RAM or swap space
#   The process is running with CompressedOops enabled, and the Java Heap may be blocking the growth of the native heap
# Possible solutions:
#   Reduce memory load on the system
#   Increase physical memory or swap space
#   Check if swap backing store is full
#   Decrease Java heap size (-Xmx/-Xms)
#   Decrease number of Java threads
#   Decrease Java thread stack sizes (-Xss)
#   Set larger code cache with -XX:ReservedCodeCacheSize=
#   JVM is running with Unscaled Compressed Oops mode in which the Java heap is
#     placed in the first 4GB address space. The Java Heap base address is the
#     maximum limit for the native heap growth. Please use -XX:HeapBaseMinAddress
#     to set the Java Heap base and to place the Java Heap above 4GB virtual address.
# This output file may be truncated or incomplete.
#
#  Out of Memory Error (arena.cpp:191), pid=780, tid=5428
#
# JRE version: OpenJDK Runtime Environment (17.0.9) (build 17.0.9+0--11185874)
# Java VM: OpenJDK 64-Bit Server VM (17.0.9+0--11185874, mixed mode, tiered, compressed oops, compressed class ptrs, g1 gc, windows-amd64)
# No core dump will be written. Minidumps are not enabled by default on client versions of Windows
#

---------------  S U M M A R Y ------------

Command Line: --add-opens=java.base/java.util=ALL-UNNAMED --add-opens=java.base/java.lang=ALL-UNNAMED --add-opens=java.base/java.lang.invoke=ALL-UNNAMED --add-opens=java.prefs/java.util.prefs=ALL-UNNAMED --add-opens=java.base/java.nio.charset=ALL-UNNAMED --add-opens=java.base/java.net=ALL-UNNAMED --add-opens=java.base/java.util.concurrent.atomic=ALL-UNNAMED -Xmx2048m -Dfile.encoding=UTF-8 -Duser.country=US -Duser.language=en -Duser.variant org.gradle.launcher.daemon.bootstrap.GradleDaemon 8.0

Host: 12th Gen Intel(R) Core(TM) i5-1240P, 16 cores, 7G,  Windows 11 , 64 bit Build 22621 (10.0.22621.3235)
Time: Mon Apr 29 21:44:50 2024 India Standard Time elapsed time: 4.723802 seconds (0d 0h 0m 4s)

---------------  T H R E A D  ---------------

Current thread (0x000002388061b080):  JavaThread "C2 CompilerThread0" daemon [_thread_in_native, id=5428, stack(0x0000003c37c00000,0x0000003c37d00000)]


Current CompileTask:
C2:   4723 4850       4       groovyjarjarantlr4.v4.runtime.atn.PredictionContext::join (569 bytes)

Stack: [0x0000003c37c00000,0x0000003c37d00000]
Native frames: (J=compiled Java code, j=interpreted, Vv=VM code, C=native code)
V  [jvm.dll+0x6886e9]
V  [jvm.dll+0x841e4a]
V  [jvm.dll+0x843a8e]
V  [jvm.dll+0x8440f3]
V  [jvm.dll+0x24c14f]
V  [jvm.dll+0xac44c]
V  [jvm.dll+0xaca9c]
V  [jvm.dll+0x36c1f7]
V  [jvm.dll+0x33651a]
V  [jvm.dll+0x3359ba]
V  [jvm.dll+0x21ddb1]
V  [jvm.dll+0x21d1d1]
V  [jvm.dll+0x1a674d]
V  [jvm.dll+0x22d088]
V  [jvm.dll+0x22b1c0]
V  [jvm.dll+0x7f62f7]
V  [jvm.dll+0x7f06aa]
V  [jvm.dll+0x687565]
C  [ucrtbase.dll+0x29363]
C  [KERNEL32.DLL+0x1257d]
C  [ntdll.dll+0x5aa58]


---------------  P R O C E S S  ---------------

Threads class SMR info:
_java_thread_list=0x0000023887f0f8c0, length=51, elements={
0x00000238e59a4a90, 0x00000238805cd8a0, 0x00000238805ce630, 0x0000023880615270,
0x0000023880616d50, 0x0000023880617910, 0x000002388061a2e0, 0x000002388061b080,
0x000002388061bb30, 0x000002388061e540, 0x00000238807887b0, 0x000002388078d320,
0x00000238807a8c90, 0x00000238807b4e90, 0x0000023886c359b0, 0x0000023886aaff60,
0x0000023885f182a0, 0x0000023886bd7910, 0x0000023886bd7df0, 0x0000023886a0a8d0,
0x0000023886d9b570, 0x0000023886d71d80, 0x0000023886d72260, 0x0000023886c2f050,
0x0000023886f4a900, 0x0000023886f48aa0, 0x0000023886f499d0, 0x0000023886f4b830,
0x0000023886f4ae10, 0x0000023886f48080, 0x0000023886f4b320, 0x0000023886f48fb0,
0x0000023886f494c0, 0x0000023886f49ee0, 0x0000023886f4a3f0, 0x0000023887757820,
0x0000023887759680, 0x0000023887759b90, 0x0000023887754070, 0x000002388775a0a0,
0x0000023887757d30, 0x000002388775afd0, 0x0000023887758c60, 0x0000023887754fa0,
0x000002388775a5b0, 0x0000023887758240, 0x000002388775b4e0, 0x000002388775aac0,
0x00000238877568f0, 0x000002388775b9f0, 0x0000023887758750
}

Java Threads: ( => current thread )
  0x00000238e59a4a90 JavaThread "main" [_thread_blocked, id=10976, stack(0x0000003c36f00000,0x0000003c37000000)]
  0x00000238805cd8a0 JavaThread "Reference Handler" daemon [_thread_blocked, id=4432, stack(0x0000003c37600000,0x0000003c37700000)]
  0x00000238805ce630 JavaThread "Finalizer" daemon [_thread_blocked, id=5800, stack(0x0000003c37700000,0x0000003c37800000)]
  0x0000023880615270 JavaThread "Signal Dispatcher" daemon [_thread_blocked, id=7228, stack(0x0000003c37800000,0x0000003c37900000)]
  0x0000023880616d50 JavaThread "Attach Listener" daemon [_thread_blocked, id=16888, stack(0x0000003c37900000,0x0000003c37a00000)]
  0x0000023880617910 JavaThread "Service Thread" daemon [_thread_blocked, id=18060, stack(0x0000003c37a00000,0x0000003c37b00000)]
  0x000002388061a2e0 JavaThread "Monitor Deflation Thread" daemon [_thread_blocked, id=16688, stack(0x0000003c37b00000,0x0000003c37c00000)]
=>0x000002388061b080 JavaThread "C2 CompilerThread0" daemon [_thread_in_native, id=5428, stack(0x0000003c37c00000,0x0000003c37d00000)]
  0x000002388061bb30 JavaThread "C1 CompilerThread0" daemon [_thread_blocked, id=16456, stack(0x0000003c37d00000,0x0000003c37e00000)]
  0x000002388061e540 JavaThread "Sweeper thread" daemon [_thread_blocked, id=11980, stack(0x0000003c37e00000,0x0000003c37f00000)]
  0x00000238807887b0 JavaThread "C1 CompilerThread1" daemon [_thread_blocked, id=6388, stack(0x0000003c37f00000,0x0000003c38000000)]
  0x000002388078d320 JavaThread "C1 CompilerThread2" daemon [_thread_blocked, id=10124, stack(0x0000003c38000000,0x0000003c38100000)]
  0x00000238807a8c90 JavaThread "Common-Cleaner" daemon [_thread_blocked, id=2136, stack(0x0000003c38100000,0x0000003c38200000)]
  0x00000238807b4e90 JavaThread "Notification Thread" daemon [_thread_blocked, id=14244, stack(0x0000003c38200000,0x0000003c38300000)]
  0x0000023886c359b0 JavaThread "Daemon health stats" [_thread_blocked, id=4784, stack(0x0000003c38800000,0x0000003c38900000)]
  0x0000023886aaff60 JavaThread "Incoming local TCP Connector on port 50413" [_thread_in_native, id=18192, stack(0x0000003c38900000,0x0000003c38a00000)]
  0x0000023885f182a0 JavaThread "Daemon periodic checks" [_thread_blocked, id=3168, stack(0x0000003c38a00000,0x0000003c38b00000)]
  0x0000023886bd7910 JavaThread "Daemon" [_thread_blocked, id=15912, stack(0x0000003c38b00000,0x0000003c38c00000)]
  0x0000023886bd7df0 JavaThread "Handler for socket connection from /127.0.0.1:50413 to /127.0.0.1:50414" [_thread_in_native, id=13940, stack(0x0000003c38c00000,0x0000003c38d00000)]
  0x0000023886a0a8d0 JavaThread "Cancel handler" [_thread_blocked, id=7884, stack(0x0000003c38d00000,0x0000003c38e00000)]
  0x0000023886d9b570 JavaThread "Daemon worker" [_thread_in_vm, id=14664, stack(0x0000003c38e00000,0x0000003c38f00000)]
  0x0000023886d71d80 JavaThread "Asynchronous log dispatcher for DefaultDaemonConnection: socket connection from /127.0.0.1:50413 to /127.0.0.1:50414" [_thread_blocked, id=15112, stack(0x0000003c38f00000,0x0000003c39000000)]
  0x0000023886d72260 JavaThread "Stdin handler" [_thread_blocked, id=11756, stack(0x0000003c39000000,0x0000003c39100000)]
  0x0000023886c2f050 JavaThread "Daemon client event forwarder" [_thread_blocked, id=7592, stack(0x0000003c39100000,0x0000003c39200000)]
  0x0000023886f4a900 JavaThread "Cache worker for journal cache (C:\Users\malho\.gradle\caches\journal-1)" [_thread_blocked, id=13740, stack(0x0000003c39c00000,0x0000003c39d00000)]
  0x0000023886f48aa0 JavaThread "File lock request listener" [_thread_in_native, id=16808, stack(0x0000003c39d00000,0x0000003c39e00000)]
  0x0000023886f499d0 JavaThread "Cache worker for file hash cache (C:\Users\malho\.gradle\caches\8.0\fileHashes)" [_thread_blocked, id=15056, stack(0x0000003c39e00000,0x0000003c39f00000)]
  0x0000023886f4b830 JavaThread "File watcher server" daemon [_thread_in_native, id=12808, stack(0x0000003c39f00000,0x0000003c3a000000)]
  0x0000023886f4ae10 JavaThread "File watcher consumer" daemon [_thread_blocked, id=7120, stack(0x0000003c3a000000,0x0000003c3a100000)]
  0x0000023886f48080 JavaThread "jar transforms" [_thread_blocked, id=17376, stack(0x0000003c3a100000,0x0000003c3a200000)]
  0x0000023886f4b320 JavaThread "jar transforms Thread 2" [_thread_blocked, id=13776, stack(0x0000003c3a200000,0x0000003c3a300000)]
  0x0000023886f48fb0 JavaThread "jar transforms Thread 3" [_thread_blocked, id=18344, stack(0x0000003c3a300000,0x0000003c3a400000)]
  0x0000023886f494c0 JavaThread "jar transforms Thread 4" [_thread_blocked, id=5940, stack(0x0000003c3a400000,0x0000003c3a500000)]
  0x0000023886f49ee0 JavaThread "jar transforms Thread 5" [_thread_blocked, id=12728, stack(0x0000003c3a500000,0x0000003c3a600000)]
  0x0000023886f4a3f0 JavaThread "jar transforms Thread 6" [_thread_blocked, id=5216, stack(0x0000003c3a600000,0x0000003c3a700000)]
  0x0000023887757820 JavaThread "jar transforms Thread 7" [_thread_blocked, id=15092, stack(0x0000003c3a700000,0x0000003c3a800000)]
  0x0000023887759680 JavaThread "jar transforms Thread 8" [_thread_blocked, id=7612, stack(0x0000003c3a800000,0x0000003c3a900000)]
  0x0000023887759b90 JavaThread "jar transforms Thread 9" [_thread_blocked, id=11872, stack(0x0000003c3a900000,0x0000003c3aa00000)]
  0x0000023887754070 JavaThread "jar transforms Thread 10" [_thread_blocked, id=12900, stack(0x0000003c3aa00000,0x0000003c3ab00000)]
  0x000002388775a0a0 JavaThread "jar transforms Thread 11" [_thread_blocked, id=15848, stack(0x0000003c3ab00000,0x0000003c3ac00000)]
  0x0000023887757d30 JavaThread "jar transforms Thread 12" [_thread_blocked, id=13492, stack(0x0000003c3ac00000,0x0000003c3ad00000)]
  0x000002388775afd0 JavaThread "jar transforms Thread 13" [_thread_blocked, id=4768, stack(0x0000003c3ad00000,0x0000003c3ae00000)]
  0x0000023887758c60 JavaThread "jar transforms Thread 14" [_thread_blocked, id=8740, stack(0x0000003c3ae00000,0x0000003c3af00000)]
  0x0000023887754fa0 JavaThread "jar transforms Thread 15" [_thread_blocked, id=8744, stack(0x0000003c3af00000,0x0000003c3b000000)]
  0x000002388775a5b0 JavaThread "jar transforms Thread 16" [_thread_blocked, id=3044, stack(0x0000003c3b000000,0x0000003c3b100000)]
  0x0000023887758240 JavaThread "Cache worker for checksums cache (C:\Users\malho\OneDrive\Desktop\encryptor_and_decryptor-main\.gradle\8.0\checksums)" [_thread_blocked, id=13032, stack(0x0000003c3b100000,0x0000003c3b200000)]
  0x000002388775b4e0 JavaThread "Cache worker for cache directory md-rule (C:\Users\malho\.gradle\caches\8.0\md-rule)" [_thread_blocked, id=4596, stack(0x0000003c3b200000,0x0000003c3b300000)]
  0x000002388775aac0 JavaThread "Cache worker for file content cache (C:\Users\malho\.gradle\caches\8.0\fileContent)" [_thread_blocked, id=8272, stack(0x0000003c3b300000,0x0000003c3b400000)]
  0x00000238877568f0 JavaThread "Cache worker for file hash cache (C:\Users\malho\OneDrive\Desktop\encryptor_and_decryptor-main\.gradle\8.0\fileHashes)" [_thread_blocked, id=15856, stack(0x0000003c3b400000,0x0000003c3b500000)]
  0x000002388775b9f0 JavaThread "Cache worker for cache directory md-supplier (C:\Users\malho\.gradle\caches\8.0\md-supplier)" [_thread_blocked, id=8200, stack(0x0000003c3b500000,0x0000003c3b600000)]
  0x0000023887758750 JavaThread "Cache worker for execution history cache (C:\Users\malho\.gradle\caches\8.0\executionHistory)" [_thread_blocked, id=8276, stack(0x0000003c3b600000,0x0000003c3b700000)]

Other Threads:
  0x000002388057b5c0 VMThread "VM Thread" [stack: 0x0000003c37500000,0x0000003c37600000] [id=15552]
  0x00000238807b5370 WatcherThread [stack: 0x0000003c38300000,0x0000003c38400000] [id=8376]
  0x00000238e5a027e0 GCTaskThread "GC Thread#0" [stack: 0x0000003c37000000,0x0000003c37100000] [id=10532]
  0x0000023885dd4b90 GCTaskThread "GC Thread#1" [stack: 0x0000003c38400000,0x0000003c38500000] [id=18216]
  0x0000023885963a10 GCTaskThread "GC Thread#2" [stack: 0x0000003c38500000,0x0000003c38600000] [id=11532]
  0x0000023885f85700 GCTaskThread "GC Thread#3" [stack: 0x0000003c38600000,0x0000003c38700000] [id=13692]
  0x0000023885c12320 GCTaskThread "GC Thread#4" [stack: 0x0000003c38700000,0x0000003c38800000] [id=17544]
  0x0000023886194b60 GCTaskThread "GC Thread#5" [stack: 0x0000003c39200000,0x0000003c39300000] [id=8628]
  0x0000023886194e20 GCTaskThread "GC Thread#6" [stack: 0x0000003c39300000,0x0000003c39400000] [id=16040]
  0x00000238861950e0 GCTaskThread "GC Thread#7" [stack: 0x0000003c39400000,0x0000003c39500000] [id=6904]
  0x0000023886195920 GCTaskThread "GC Thread#8" [stack: 0x0000003c39500000,0x0000003c39600000] [id=10800]
  0x0000023886195ea0 GCTaskThread "GC Thread#9" [stack: 0x0000003c39600000,0x0000003c39700000] [id=12248]
  0x00000238861953a0 GCTaskThread "GC Thread#10" [stack: 0x0000003c39700000,0x0000003c39800000] [id=8100]
  0x0000023886195be0 GCTaskThread "GC Thread#11" [stack: 0x0000003c39800000,0x0000003c39900000] [id=9760]
  0x0000023886196160 GCTaskThread "GC Thread#12" [stack: 0x0000003c39900000,0x0000003c39a00000] [id=14108]
  0x00000238e5a13880 ConcurrentGCThread "G1 Main Marker" [stack: 0x0000003c37100000,0x0000003c37200000] [id=12112]
  0x00000238e5a142a0 ConcurrentGCThread "G1 Conc#0" [stack: 0x0000003c37200000,0x0000003c37300000] [id=2764]
  0x00000238861945e0 ConcurrentGCThread "G1 Conc#1" [stack: 0x0000003c39a00000,0x0000003c39b00000] [id=14488]
  0x00000238861948a0 ConcurrentGCThread "G1 Conc#2" [stack: 0x0000003c39b00000,0x0000003c39c00000] [id=13800]
  0x00000238ffab4670 ConcurrentGCThread "G1 Refine#0" [stack: 0x0000003c37300000,0x0000003c37400000] [id=5896]
  0x00000238ffab50a0 ConcurrentGCThread "G1 Service" [stack: 0x0000003c37400000,0x0000003c37500000] [id=14300]

Threads with active compile tasks:
C2 CompilerThread0     4744 4850       4       groovyjarjarantlr4.v4.runtime.atn.PredictionContext::join (569 bytes)

VM state: not at safepoint (normal execution)

VM Mutex/Monitor currently owned by a thread: None

Heap address: 0x0000000080000000, size: 2048 MB, Compressed Oops mode: 32-bit

CDS archive(s) not mapped
Compressed class space mapped at: 0x0000000100000000-0x0000000140000000, reserved size: 1073741824
Narrow klass base: 0x0000000000000000, Narrow klass shift: 3, Narrow klass range: 0x140000000

GC Precious Log:
 CPUs: 16 total, 16 available
 Memory: 7896M
 Large Page Support: Disabled
 NUMA Support: Disabled
 Compressed Oops: Enabled (32-bit)
 Heap Region Size: 1M
 Heap Min Capacity: 8M
 Heap Initial Capacity: 124M
 Heap Max Capacity: 2G
 Pre-touch: Disabled
 Parallel Workers: 13
 Concurrent Workers: 3
 Concurrent Refinement Workers: 13
 Periodic GC: Disabled

Heap:
 garbage-first heap   total 104448K, used 68924K [0x0000000080000000, 0x0000000100000000)
  region size 1024K, 21 young (21504K), 1 survivors (1024K)
 Metaspace       used 49821K, committed 50240K, reserved 1114112K
  class space    used 6566K, committed 6784K, reserved 1048576K

Heap Regions: E=young(eden), S=young(survivor), O=old, HS=humongous(starts), HC=humongous(continues), CS=collection set, F=free, OA=open archive, CA=closed archive, TAMS=top-at-mark-start (previous, next)
|   0|0x0000000080000000, 0x0000000080100000, 0x0000000080100000|100%|HS|  |TAMS 0x0000000080100000, 0x0000000080000000| Complete 
|   1|0x0000000080100000, 0x0000000080200000, 0x0000000080200000|100%|HC|  |TAMS 0x0000000080200000, 0x0000000080100000| Complete 
|   2|0x0000000080200000, 0x0000000080300000, 0x0000000080300000|100%|HC|  |TAMS 0x0000000080300000, 0x0000000080200000| Complete 
|   3|0x0000000080300000, 0x0000000080400000, 0x0000000080400000|100%|HC|  |TAMS 0x0000000080400000, 0x0000000080300000| Complete 
|   4|0x0000000080400000, 0x0000000080500000, 0x0000000080500000|100%| O|  |TAMS 0x0000000080500000, 0x0000000080400000| Untracked 
|   5|0x0000000080500000, 0x0000000080600000, 0x0000000080600000|100%| O|  |TAMS 0x0000000080600000, 0x0000000080500000| Untracked 
|   6|0x0000000080600000, 0x0000000080700000, 0x0000000080700000|100%| O|  |TAMS 0x0000000080700000, 0x0000000080600000| Untracked 
|   7|0x0000000080700000, 0x0000000080800000, 0x0000000080800000|100%| O|  |TAMS 0x0000000080800000, 0x0000000080700000| Untracked 
|   8|0x0000000080800000, 0x0000000080900000, 0x0000000080900000|100%| O|  |TAMS 0x0000000080900000, 0x0000000080800000| Untracked 
|   9|0x0000000080900000, 0x0000000080a00000, 0x0000000080a00000|100%| O|  |TAMS 0x0000000080a00000, 0x0000000080900000| Untracked 
|  10|0x0000000080a00000, 0x0000000080b00000, 0x0000000080b00000|100%| O|  |TAMS 0x0000000080b00000, 0x0000000080a00000| Untracked 
|  11|0x0000000080b00000, 0x0000000080b94000, 0x0000000080c00000| 57%| O|  |TAMS 0x0000000080b94000, 0x0000000080b00000| Untracked 
|  12|0x0000000080c00000, 0x0000000080d00000, 0x0000000080d00000|100%| O|  |TAMS 0x0000000080d00000, 0x0000000080c00000| Untracked 
|  13|0x0000000080d00000, 0x0000000080e00000, 0x0000000080e00000|100%| O|  |TAMS 0x0000000080e00000, 0x0000000080d00000| Untracked 
|  14|0x0000000080e00000, 0x0000000080f00000, 0x0000000080f00000|100%| O|  |TAMS 0x0000000080f00000, 0x0000000080e00000| Untracked 
|  15|0x0000000080f00000, 0x0000000081000000, 0x0000000081000000|100%| O|  |TAMS 0x0000000081000000, 0x0000000080f00000| Untracked 
|  16|0x0000000081000000, 0x0000000081100000, 0x0000000081100000|100%| O|  |TAMS 0x0000000081100000, 0x0000000081000000| Untracked 
|  17|0x0000000081100000, 0x0000000081200000, 0x0000000081200000|100%| O|  |TAMS 0x0000000081200000, 0x0000000081100000| Untracked 
|  18|0x0000000081200000, 0x0000000081300000, 0x0000000081300000|100%| O|  |TAMS 0x0000000081300000, 0x0000000081200000| Untracked 
|  19|0x0000000081300000, 0x0000000081400000, 0x0000000081400000|100%|HS|  |TAMS 0x0000000081400000, 0x0000000081300000| Complete 
|  20|0x0000000081400000, 0x0000000081500000, 0x0000000081500000|100%|HC|  |TAMS 0x0000000081500000, 0x0000000081400000| Complete 
|  21|0x0000000081500000, 0x0000000081600000, 0x0000000081600000|100%|HS|  |TAMS 0x0000000081600000, 0x0000000081500000| Complete 
|  22|0x0000000081600000, 0x0000000081700000, 0x0000000081700000|100%|HC|  |TAMS 0x0000000081700000, 0x0000000081600000| Complete 
|  23|0x0000000081700000, 0x0000000081800000, 0x0000000081800000|100%|HC|  |TAMS 0x0000000081800000, 0x0000000081700000| Complete 
|  24|0x0000000081800000, 0x0000000081900000, 0x0000000081900000|100%| O|  |TAMS 0x0000000081900000, 0x0000000081800000| Untracked 
|  25|0x0000000081900000, 0x0000000081a00000, 0x0000000081a00000|100%| O|  |TAMS 0x0000000081a00000, 0x0000000081900000| Untracked 
|  26|0x0000000081a00000, 0x0000000081b00000, 0x0000000081b00000|100%| O|  |TAMS 0x0000000081b00000, 0x0000000081a00000| Untracked 
|  27|0x0000000081b00000, 0x0000000081c00000, 0x0000000081c00000|100%| O|  |TAMS 0x0000000081c00000, 0x0000000081b00000| Untracked 
|  28|0x0000000081c00000, 0x0000000081d00000, 0x0000000081d00000|100%|HS|  |TAMS 0x0000000081d00000, 0x0000000081c00000| Complete 
|  29|0x0000000081d00000, 0x0000000081e00000, 0x0000000081e00000|100%|HC|  |TAMS 0x0000000081e00000, 0x0000000081d00000| Complete 
|  30|0x0000000081e00000, 0x0000000081f00000, 0x0000000081f00000|100%|HC|  |TAMS 0x0000000081f00000, 0x0000000081e00000| Complete 
|  31|0x0000000081f00000, 0x0000000082000000, 0x0000000082000000|100%|HS|  |TAMS 0x0000000082000000, 0x0000000081f00000| Complete 
|  32|0x0000000082000000, 0x0000000082100000, 0x0000000082100000|100%|HC|  |TAMS 0x0000000082100000, 0x0000000082000000| Complete 
|  33|0x0000000082100000, 0x0000000082200000, 0x0000000082200000|100%|HC|  |TAMS 0x0000000082200000, 0x0000000082100000| Complete 
|  34|0x0000000082200000, 0x0000000082300000, 0x0000000082300000|100%| O|  |TAMS 0x0000000082300000, 0x0000000082200000| Untracked 
|  35|0x0000000082300000, 0x0000000082400000, 0x0000000082400000|100%| O|  |TAMS 0x0000000082400000, 0x0000000082300000| Untracked 
|  36|0x0000000082400000, 0x0000000082500000, 0x0000000082500000|100%| O|  |TAMS 0x0000000082500000, 0x0000000082400000| Untracked 
|  37|0x0000000082500000, 0x0000000082600000, 0x0000000082600000|100%| O|  |TAMS 0x0000000082600000, 0x0000000082500000| Untracked 
|  38|0x0000000082600000, 0x0000000082700000, 0x0000000082700000|100%| O|  |TAMS 0x0000000082700000, 0x0000000082600000| Untracked 
|  39|0x0000000082700000, 0x0000000082800000, 0x0000000082800000|100%| O|  |TAMS 0x0000000082800000, 0x0000000082700000| Untracked 
|  40|0x0000000082800000, 0x0000000082900000, 0x0000000082900000|100%| O|  |TAMS 0x0000000082900000, 0x0000000082800000| Untracked 
|  41|0x0000000082900000, 0x0000000082a00000, 0x0000000082a00000|100%| O|  |TAMS 0x0000000082a00000, 0x0000000082900000| Untracked 
|  42|0x0000000082a00000, 0x0000000082b00000, 0x0000000082b00000|100%| O|  |TAMS 0x0000000082b00000, 0x0000000082a00000| Untracked 
|  43|0x0000000082b00000, 0x0000000082c00000, 0x0000000082c00000|100%| O|  |TAMS 0x0000000082c00000, 0x0000000082b00000| Untracked 
|  44|0x0000000082c00000, 0x0000000082d00000, 0x0000000082d00000|100%| O|  |TAMS 0x0000000082d00000, 0x0000000082c00000| Untracked 
|  45|0x0000000082d00000, 0x0000000082e00000, 0x0000000082e00000|100%|HS|  |TAMS 0x0000000082e00000, 0x0000000082d00000| Complete 
|  46|0x0000000082e00000, 0x0000000082f00000, 0x0000000082f00000|100%|HS|  |TAMS 0x0000000082e00000, 0x0000000082e00000| Complete 
|  47|0x0000000082f00000, 0x0000000083000000, 0x0000000083000000|100%|HC|  |TAMS 0x0000000082f00000, 0x0000000082f00000| Complete 
|  48|0x0000000083000000, 0x0000000083000000, 0x0000000083100000|  0%| F|  |TAMS 0x0000000083000000, 0x0000000083000000| Untracked 
|  49|0x0000000083100000, 0x0000000083100000, 0x0000000083200000|  0%| F|  |TAMS 0x0000000083100000, 0x0000000083100000| Untracked 
|  50|0x0000000083200000, 0x0000000083200000, 0x0000000083300000|  0%| F|  |TAMS 0x0000000083200000, 0x0000000083200000| Untracked 
|  51|0x0000000083300000, 0x0000000083300000, 0x0000000083400000|  0%| F|  |TAMS 0x0000000083300000, 0x0000000083300000| Untracked 
|  52|0x0000000083400000, 0x0000000083400000, 0x0000000083500000|  0%| F|  |TAMS 0x0000000083400000, 0x0000000083400000| Untracked 
|  53|0x0000000083500000, 0x0000000083500000, 0x0000000083600000|  0%| F|  |TAMS 0x0000000083500000, 0x0000000083500000| Untracked 
|  54|0x0000000083600000, 0x0000000083600000, 0x0000000083700000|  0%| F|  |TAMS 0x0000000083600000, 0x0000000083600000| Untracked 
|  55|0x0000000083700000, 0x0000000083700000, 0x0000000083800000|  0%| F|  |TAMS 0x0000000083700000, 0x0000000083700000| Untracked 
|  56|0x0000000083800000, 0x0000000083800000, 0x0000000083900000|  0%| F|  |TAMS 0x0000000083800000, 0x0000000083800000| Untracked 
|  57|0x0000000083900000, 0x0000000083900000, 0x0000000083a00000|  0%| F|  |TAMS 0x0000000083900000, 0x0000000083900000| Untracked 
|  58|0x0000000083a00000, 0x0000000083a00000, 0x0000000083b00000|  0%| F|  |TAMS 0x0000000083a00000, 0x0000000083a00000| Untracked 
|  59|0x0000000083b00000, 0x0000000083b00000, 0x0000000083c00000|  0%| F|  |TAMS 0x0000000083b00000, 0x0000000083b00000| Untracked 
|  60|0x0000000083c00000, 0x0000000083c00000, 0x0000000083d00000|  0%| F|  |TAMS 0x0000000083c00000, 0x0000000083c00000| Untracked 
|  61|0x0000000083d00000, 0x0000000083d00000, 0x0000000083e00000|  0%| F|  |TAMS 0x0000000083d00000, 0x0000000083d00000| Untracked 
|  62|0x0000000083e00000, 0x0000000083e00000, 0x0000000083f00000|  0%| F|  |TAMS 0x0000000083e00000, 0x0000000083e00000| Untracked 
|  63|0x0000000083f00000, 0x0000000083f00000, 0x0000000084000000|  0%| F|  |TAMS 0x0000000083f00000, 0x0000000083f00000| Untracked 
|  64|0x0000000084000000, 0x0000000084000000, 0x0000000084100000|  0%| F|  |TAMS 0x0000000084000000, 0x0000000084000000| Untracked 
|  65|0x0000000084100000, 0x0000000084100000, 0x0000000084200000|  0%| F|  |TAMS 0x0000000084100000, 0x0000000084100000| Untracked 
|  66|0x0000000084200000, 0x0000000084200000, 0x0000000084300000|  0%| F|  |TAMS 0x0000000084200000, 0x0000000084200000| Untracked 
|  67|0x0000000084300000, 0x0000000084300000, 0x0000000084400000|  0%| F|  |TAMS 0x0000000084300000, 0x0000000084300000| Untracked 
|  68|0x0000000084400000, 0x0000000084400000, 0x0000000084500000|  0%| F|  |TAMS 0x0000000084400000, 0x0000000084400000| Untracked 
|  69|0x0000000084500000, 0x0000000084500000, 0x0000000084600000|  0%| F|  |TAMS 0x0000000084500000, 0x0000000084500000| Untracked 
|  70|0x0000000084600000, 0x0000000084600000, 0x0000000084700000|  0%| F|  |TAMS 0x0000000084600000, 0x0000000084600000| Untracked 
|  71|0x0000000084700000, 0x0000000084700000, 0x0000000084800000|  0%| F|  |TAMS 0x0000000084700000, 0x0000000084700000| Untracked 
|  72|0x0000000084800000, 0x0000000084800000, 0x0000000084900000|  0%| F|  |TAMS 0x0000000084800000, 0x0000000084800000| Untracked 
|  73|0x0000000084900000, 0x0000000084900000, 0x0000000084a00000|  0%| F|  |TAMS 0x0000000084900000, 0x0000000084900000| Untracked 
|  74|0x0000000084a00000, 0x0000000084a00000, 0x0000000084b00000|  0%| F|  |TAMS 0x0000000084a00000, 0x0000000084a00000| Untracked 
|  75|0x0000000084b00000, 0x0000000084b00000, 0x0000000084c00000|  0%| F|  |TAMS 0x0000000084b00000, 0x0000000084b00000| Untracked 
|  76|0x0000000084c00000, 0x0000000084c00000, 0x0000000084d00000|  0%| F|  |TAMS 0x0000000084c00000, 0x0000000084c00000| Untracked 
|  77|0x0000000084d00000, 0x0000000084d00000, 0x0000000084e00000|  0%| F|  |TAMS 0x0000000084d00000, 0x0000000084d00000| Untracked 
|  78|0x0000000084e00000, 0x0000000084e00000, 0x0000000084f00000|  0%| F|  |TAMS 0x0000000084e00000, 0x0000000084e00000| Untracked 
|  79|0x0000000084f00000, 0x0000000084f00000, 0x0000000085000000|  0%| F|  |TAMS 0x0000000084f00000, 0x0000000084f00000| Untracked 
|  80|0x0000000085000000, 0x0000000085000000, 0x0000000085100000|  0%| F|  |TAMS 0x0000000085000000, 0x0000000085000000| Untracked 
|  81|0x0000000085100000, 0x0000000085200000, 0x0000000085200000|100%| E|  |TAMS 0x0000000085100000, 0x0000000085100000| Complete 
|  82|0x0000000085200000, 0x0000000085300000, 0x0000000085300000|100%| E|CS|TAMS 0x0000000085200000, 0x0000000085200000| Complete 
|  83|0x0000000085300000, 0x0000000085400000, 0x0000000085400000|100%| E|CS|TAMS 0x0000000085300000, 0x0000000085300000| Complete 
|  84|0x0000000085400000, 0x0000000085500000, 0x0000000085500000|100%| E|CS|TAMS 0x0000000085400000, 0x0000000085400000| Complete 
|  85|0x0000000085500000, 0x0000000085600000, 0x0000000085600000|100%| E|CS|TAMS 0x0000000085500000, 0x0000000085500000| Complete 
|  86|0x0000000085600000, 0x0000000085700000, 0x0000000085700000|100%| E|CS|TAMS 0x0000000085600000, 0x0000000085600000| Complete 
|  87|0x0000000085700000, 0x0000000085800000, 0x0000000085800000|100%| E|CS|TAMS 0x0000000085700000, 0x0000000085700000| Complete 
|  88|0x0000000085800000, 0x0000000085900000, 0x0000000085900000|100%| E|CS|TAMS 0x0000000085800000, 0x0000000085800000| Complete 
|  89|0x0000000085900000, 0x0000000085a00000, 0x0000000085a00000|100%| E|CS|TAMS 0x0000000085900000, 0x0000000085900000| Complete 
|  90|0x0000000085a00000, 0x0000000085b00000, 0x0000000085b00000|100%| E|CS|TAMS 0x0000000085a00000, 0x0000000085a00000| Complete 
|  91|0x0000000085b00000, 0x0000000085c00000, 0x0000000085c00000|100%| E|CS|TAMS 0x0000000085b00000, 0x0000000085b00000| Complete 
|  92|0x0000000085c00000, 0x0000000085d00000, 0x0000000085d00000|100%| E|CS|TAMS 0x0000000085c00000, 0x0000000085c00000| Complete 
|  93|0x0000000085d00000, 0x0000000085e00000, 0x0000000085e00000|100%| E|CS|TAMS 0x0000000085d00000, 0x0000000085d00000| Complete 
|  94|0x0000000085e00000, 0x0000000085f00000, 0x0000000085f00000|100%| E|CS|TAMS 0x0000000085e00000, 0x0000000085e00000| Complete 
|  95|0x0000000085f00000, 0x0000000086000000, 0x0000000086000000|100%| E|CS|TAMS 0x0000000085f00000, 0x0000000085f00000| Complete 
|  96|0x0000000086000000, 0x0000000086100000, 0x0000000086100000|100%| E|CS|TAMS 0x0000000086000000, 0x0000000086000000| Complete 
|  97|0x0000000086100000, 0x0000000086200000, 0x0000000086200000|100%| E|CS|TAMS 0x0000000086100000, 0x0000000086100000| Complete 
|  98|0x0000000086200000, 0x0000000086300000, 0x0000000086300000|100%| E|CS|TAMS 0x0000000086200000, 0x0000000086200000| Complete 
|  99|0x0000000086300000, 0x0000000086400000, 0x0000000086400000|100%| E|CS|TAMS 0x0000000086300000, 0x0000000086300000| Complete 
| 100|0x0000000086400000, 0x0000000086500000, 0x0000000086500000|100%| E|CS|TAMS 0x0000000086400000, 0x0000000086400000| Complete 
| 123|0x0000000087b00000, 0x0000000087bbb2b0, 0x0000000087c00000| 73%| S|CS|TAMS 0x0000000087b00000, 0x0000000087b00000| Complete 

Card table byte_map: [0x00000238f8ad0000,0x00000238f8ed0000] _byte_map_base: 0x00000238f86d0000

Marking Bits (Prev, Next): (CMBitMap*) 0x00000238e5a02e00, (CMBitMap*) 0x00000238e5a02e40
 Prev Bits: [0x00000238f92d0000, 0x00000238fb2d0000)
 Next Bits: [0x00000238fb2d0000, 0x00000238fd2d0000)

Polling page: 0x00000238e5130000

Metaspace:

Usage:
  Non-class:     42.26 MB used.
      Class:      6.42 MB used.
       Both:     48.68 MB used.

Virtual space:
  Non-class space:       64.00 MB reserved,      42.50 MB ( 66%) committed,  1 nodes.
      Class space:        1.00 GB reserved,       6.62 MB ( <1%) committed,  1 nodes.
             Both:        1.06 GB reserved,      49.12 MB (  5%) committed. 

Chunk freelists:
   Non-Class:  4.91 MB
       Class:  9.41 MB
        Both:  14.31 MB

MaxMetaspaceSize: unlimited
CompressedClassSpaceSize: 1.00 GB
Initial GC threshold: 21.00 MB
Current GC threshold: 80.56 MB
CDS: off
MetaspaceReclaimPolicy: balanced
 - commit_granule_bytes: 65536.
 - commit_granule_words: 8192.
 - virtual_space_node_default_size: 8388608.
 - enlarge_chunks_in_place: 1.
 - new_chunks_are_fully_committed: 0.
 - uncommit_free_chunks: 1.
 - use_allocation_guard: 0.
 - handle_deallocations: 1.


Internal statistics:

num_allocs_failed_limit: 3.
num_arena_births: 424.
num_arena_deaths: 2.
num_vsnodes_births: 2.
num_vsnodes_deaths: 0.
num_space_committed: 786.
num_space_uncommitted: 0.
num_chunks_returned_to_freelist: 7.
num_chunks_taken_from_freelist: 1946.
num_chunk_merges: 0.
num_chunk_splits: 1283.
num_chunks_enlarged: 921.
num_inconsistent_stats: 0.

CodeHeap 'non-profiled nmethods': size=119168Kb used=2214Kb max_used=2214Kb free=116954Kb
 bounds [0x00000238f09f0000, 0x00000238f0c60000, 0x00000238f7e50000]
CodeHeap 'profiled nmethods': size=119104Kb used=10439Kb max_used=10439Kb free=108664Kb
 bounds [0x00000238e8e50000, 0x00000238e9890000, 0x00000238f02a0000]
CodeHeap 'non-nmethods': size=7488Kb used=3427Kb max_used=3465Kb free=4060Kb
 bounds [0x00000238f02a0000, 0x00000238f0610000, 0x00000238f09f0000]
 total_blobs=5739 nmethods=4920 adapters=729
 compilation: enabled
              stopped_count=0, restarted_count=0
 full_count=0

Compilation events (20 events):
Event: 4.716 Thread 0x000002388078d320 4992   !   2       sun.security.provider.DigestBase::engineDigest (39 bytes)
Event: 4.716 Thread 0x000002388078d320 nmethod 4992 0x00000238e986c510 code [0x00000238e986c6e0, 0x00000238e986c9e8]
Event: 4.718 Thread 0x000002388078d320 4993       2       org.objectweb.asm.ClassVisitor::visitField (24 bytes)
Event: 4.718 Thread 0x000002388078d320 nmethod 4993 0x00000238e986cb90 code [0x00000238e986cd40, 0x00000238e986cea8]
Event: 4.718 Thread 0x000002388078d320 4997       2       org.objectweb.asm.ClassReader::readLabel (20 bytes)
Event: 4.718 Thread 0x000002388078d320 nmethod 4997 0x00000238e986cf90 code [0x00000238e986d140, 0x00000238e986d3b8]
Event: 4.718 Thread 0x000002388078d320 4994       2       org.gradle.groovy.scripts.internal.FileCacheBackedScriptClassCompiler$BuildScriptRemapper::remap (83 bytes)
Event: 4.718 Thread 0x000002388078d320 nmethod 4994 0x00000238e986d510 code [0x00000238e986d740, 0x00000238e986da98]
Event: 4.718 Thread 0x000002388078d320 4995       2       org.gradle.groovy.scripts.DelegatingScriptSource::getClassName (10 bytes)
Event: 4.718 Thread 0x000002388078d320 nmethod 4995 0x00000238e986dd10 code [0x00000238e986dea0, 0x00000238e986dfc8]
Event: 4.718 Thread 0x000002388078d320 4996       2       org.gradle.groovy.scripts.TextResourceScriptSource::getClassName (20 bytes)
Event: 4.718 Thread 0x000002388078d320 nmethod 4996 0x00000238e986e090 code [0x00000238e986e220, 0x00000238e986e3a8]
Event: 4.719 Thread 0x00000238807887b0 4998       2       org.objectweb.asm.MethodVisitor::visitTypeInsn (17 bytes)
Event: 4.719 Thread 0x00000238807887b0 nmethod 4998 0x00000238e986e490 code [0x00000238e986e620, 0x00000238e986e748]
Event: 4.719 Thread 0x000002388078d320 4999       2       java.util.StringTokenizer::scanToken (179 bytes)
Event: 4.719 Thread 0x000002388061bb30 5000       2       org.gradle.groovy.scripts.internal.FileCacheBackedScriptClassCompiler$BuildScriptRemapper::access$400 (6 bytes)
Event: 4.719 Thread 0x000002388061bb30 nmethod 5000 0x00000238e986e810 code [0x00000238e986e9a0, 0x00000238e986eaa8]
Event: 4.720 Thread 0x000002388078d320 nmethod 4999 0x00000238e986eb90 code [0x00000238e986ede0, 0x00000238e986f538]
Event: 4.720 Thread 0x000002388078d320 5001       2       java.nio.HeapByteBuffer::<init> (21 bytes)
Event: 4.720 Thread 0x000002388078d320 nmethod 5001 0x00000238e986fa90 code [0x00000238e986fc20, 0x00000238e986fe28]

GC Heap History (20 events):
Event: 1.349 GC heap before
{Heap before GC invocations=2 (full 0):
 garbage-first heap   total 126976K, used 49026K [0x0000000080000000, 0x0000000100000000)
  region size 1024K, 40 young (40960K), 4 survivors (4096K)
 Metaspace       used 21270K, committed 21504K, reserved 1114112K
  class space    used 2505K, committed 2624K, reserved 1048576K
}
Event: 1.355 GC heap after
{Heap after GC invocations=3 (full 0):
 garbage-first heap   total 126976K, used 19487K [0x0000000080000000, 0x0000000100000000)
  region size 1024K, 9 young (9216K), 9 survivors (9216K)
 Metaspace       used 21270K, committed 21504K, reserved 1114112K
  class space    used 2505K, committed 2624K, reserved 1048576K
}
Event: 1.756 GC heap before
{Heap before GC invocations=4 (full 0):
 garbage-first heap   total 71680K, used 52255K [0x0000000080000000, 0x0000000100000000)
  region size 1024K, 42 young (43008K), 9 survivors (9216K)
 Metaspace       used 26737K, committed 27008K, reserved 1114112K
  class space    used 3472K, committed 3584K, reserved 1048576K
}
Event: 1.762 GC heap after
{Heap after GC invocations=5 (full 0):
 garbage-first heap   total 71680K, used 21087K [0x0000000080000000, 0x0000000100000000)
  region size 1024K, 3 young (3072K), 3 survivors (3072K)
 Metaspace       used 26737K, committed 27008K, reserved 1114112K
  class space    used 3472K, committed 3584K, reserved 1048576K
}
Event: 3.322 GC heap before
{Heap before GC invocations=5 (full 0):
 garbage-first heap   total 71680K, used 58975K [0x0000000080000000, 0x0000000100000000)
  region size 1024K, 30 young (30720K), 3 survivors (3072K)
 Metaspace       used 30574K, committed 30912K, reserved 1114112K
  class space    used 4125K, committed 4288K, reserved 1048576K
}
Event: 3.326 GC heap after
{Heap after GC invocations=6 (full 0):
 garbage-first heap   total 71680K, used 38205K [0x0000000080000000, 0x0000000100000000)
  region size 1024K, 4 young (4096K), 4 survivors (4096K)
 Metaspace       used 30574K, committed 30912K, reserved 1114112K
  class space    used 4125K, committed 4288K, reserved 1048576K
}
Event: 3.482 GC heap before
{Heap before GC invocations=6 (full 0):
 garbage-first heap   total 71680K, used 51517K [0x0000000080000000, 0x0000000100000000)
  region size 1024K, 18 young (18432K), 4 survivors (4096K)
 Metaspace       used 32516K, committed 32896K, reserved 1114112K
  class space    used 4439K, committed 4608K, reserved 1048576K
}
Event: 3.484 GC heap after
{Heap after GC invocations=7 (full 0):
 garbage-first heap   total 71680K, used 37999K [0x0000000080000000, 0x0000000100000000)
  region size 1024K, 1 young (1024K), 1 survivors (1024K)
 Metaspace       used 32516K, committed 32896K, reserved 1114112K
  class space    used 4439K, committed 4608K, reserved 1048576K
}
Event: 3.674 GC heap before
{Heap before GC invocations=8 (full 0):
 garbage-first heap   total 71680K, used 54383K [0x0000000080000000, 0x0000000100000000)
  region size 1024K, 17 young (17408K), 1 survivors (1024K)
 Metaspace       used 34802K, committed 35136K, reserved 1114112K
  class space    used 4811K, committed 4928K, reserved 1048576K
}
Event: 3.676 GC heap after
{Heap after GC invocations=9 (full 0):
 garbage-first heap   total 87040K, used 38710K [0x0000000080000000, 0x0000000100000000)
  region size 1024K, 2 young (2048K), 2 survivors (2048K)
 Metaspace       used 34802K, committed 35136K, reserved 1114112K
  class space    used 4811K, committed 4928K, reserved 1048576K
}
Event: 3.874 GC heap before
{Heap before GC invocations=9 (full 0):
 garbage-first heap   total 87040K, used 65334K [0x0000000080000000, 0x0000000100000000)
  region size 1024K, 29 young (29696K), 2 survivors (2048K)
 Metaspace       used 38383K, committed 38784K, reserved 1114112K
  class space    used 5173K, committed 5312K, reserved 1048576K
}
Event: 3.878 GC heap after
{Heap after GC invocations=10 (full 0):
 garbage-first heap   total 87040K, used 41365K [0x0000000080000000, 0x0000000100000000)
  region size 1024K, 4 young (4096K), 4 survivors (4096K)
 Metaspace       used 38383K, committed 38784K, reserved 1114112K
  class space    used 5173K, committed 5312K, reserved 1048576K
}
Event: 4.128 GC heap before
{Heap before GC invocations=10 (full 0):
 garbage-first heap   total 87040K, used 66965K [0x0000000080000000, 0x0000000100000000)
  region size 1024K, 30 young (30720K), 4 survivors (4096K)
 Metaspace       used 42141K, committed 42560K, reserved 1114112K
  class space    used 5752K, committed 5952K, reserved 1048576K
}
Event: 4.132 GC heap after
{Heap after GC invocations=11 (full 0):
 garbage-first heap   total 87040K, used 42143K [0x0000000080000000, 0x0000000100000000)
  region size 1024K, 2 young (2048K), 2 survivors (2048K)
 Metaspace       used 42141K, committed 42560K, reserved 1114112K
  class space    used 5752K, committed 5952K, reserved 1048576K
}
Event: 4.467 GC heap before
{Heap before GC invocations=11 (full 0):
 garbage-first heap   total 87040K, used 67743K [0x0000000080000000, 0x0000000100000000)
  region size 1024K, 27 young (27648K), 2 survivors (2048K)
 Metaspace       used 48168K, committed 48576K, reserved 1114112K
  class space    used 6438K, committed 6592K, reserved 1048576K
}
Event: 4.470 GC heap after
{Heap after GC invocations=12 (full 0):
 garbage-first heap   total 87040K, used 45618K [0x0000000080000000, 0x0000000100000000)
  region size 1024K, 4 young (4096K), 4 survivors (4096K)
 Metaspace       used 48168K, committed 48576K, reserved 1114112K
  class space    used 6438K, committed 6592K, reserved 1048576K
}
Event: 4.512 GC heap before
{Heap before GC invocations=13 (full 0):
 garbage-first heap   total 87040K, used 50738K [0x0000000080000000, 0x0000000100000000)
  region size 1024K, 11 young (11264K), 4 survivors (4096K)
 Metaspace       used 48459K, committed 48832K, reserved 1114112K
  class space    used 6473K, committed 6656K, reserved 1048576K
}
Event: 4.515 GC heap after
{Heap after GC invocations=14 (full 0):
 garbage-first heap   total 104448K, used 46993K [0x0000000080000000, 0x0000000100000000)
  region size 1024K, 2 young (2048K), 2 survivors (2048K)
 Metaspace       used 48459K, committed 48832K, reserved 1114112K
  class space    used 6473K, committed 6656K, reserved 1048576K
}
Event: 4.517 GC heap before
{Heap before GC invocations=14 (full 0):
 garbage-first heap   total 104448K, used 48017K [0x0000000080000000, 0x0000000100000000)
  region size 1024K, 2 young (2048K), 2 survivors (2048K)
 Metaspace       used 48459K, committed 48832K, reserved 1114112K
  class space    used 6473K, committed 6656K, reserved 1048576K
}
Event: 4.518 GC heap after
{Heap after GC invocations=15 (full 0):
 garbage-first heap   total 104448K, used 47420K [0x0000000080000000, 0x0000000100000000)
  region size 1024K, 1 young (1024K), 1 survivors (1024K)
 Metaspace       used 48459K, committed 48832K, reserved 1114112K
  class space    used 6473K, committed 6656K, reserved 1048576K
}

Dll operation events (2 events):
Event: 0.008 Loaded shared library C:\Program Files\Android\Android Studio\jbr\bin\java.dll
Event: 0.251 Loaded shared library C:\Program Files\Android\Android Studio\jbr\bin\verify.dll

Deoptimization events (20 events):
Event: 4.588 Thread 0x0000023886d9b570 DEOPT PACKING pc=0x00000238f0b93680 sp=0x0000003c38ef6370
Event: 4.588 Thread 0x0000023886d9b570 DEOPT UNPACKING pc=0x00000238f02f69a3 sp=0x0000003c38ef6318 mode 2
Event: 4.588 Thread 0x0000023886d9b570 Uncommon trap: trap_request=0xffffff45 fr.pc=0x00000238f0a51354 relative=0x0000000000000054
Event: 4.588 Thread 0x0000023886d9b570 Uncommon trap: reason=unstable_if action=reinterpret pc=0x00000238f0a51354 method=java.lang.Character.isSurrogate(C)Z @ 3 c2
Event: 4.588 Thread 0x0000023886d9b570 DEOPT PACKING pc=0x00000238f0a51354 sp=0x0000003c38ef6390
Event: 4.588 Thread 0x0000023886d9b570 DEOPT UNPACKING pc=0x00000238f02f69a3 sp=0x0000003c38ef62c8 mode 2
Event: 4.642 Thread 0x0000023886d9b570 Uncommon trap: trap_request=0xffffffde fr.pc=0x00000238f0a1a2a4 relative=0x00000000000001a4
Event: 4.642 Thread 0x0000023886d9b570 Uncommon trap: reason=class_check action=maybe_recompile pc=0x00000238f0a1a2a4 method=java.lang.String.equals(Ljava/lang/Object;)Z @ 8 c2
Event: 4.642 Thread 0x0000023886d9b570 DEOPT PACKING pc=0x00000238f0a1a2a4 sp=0x0000003c38ef70b0
Event: 4.642 Thread 0x0000023886d9b570 DEOPT UNPACKING pc=0x00000238f02f69a3 sp=0x0000003c38ef7058 mode 2
Event: 4.642 Thread 0x0000023886d9b570 Uncommon trap: trap_request=0xffffffde fr.pc=0x00000238f0a1a2a4 relative=0x00000000000001a4
Event: 4.642 Thread 0x0000023886d9b570 Uncommon trap: reason=class_check action=maybe_recompile pc=0x00000238f0a1a2a4 method=java.lang.String.equals(Ljava/lang/Object;)Z @ 8 c2
Event: 4.642 Thread 0x0000023886d9b570 DEOPT PACKING pc=0x00000238f0a1a2a4 sp=0x0000003c38ef70b0
Event: 4.642 Thread 0x0000023886d9b570 DEOPT UNPACKING pc=0x00000238f02f69a3 sp=0x0000003c38ef7058 mode 2
Event: 4.642 Thread 0x0000023886d9b570 Uncommon trap: trap_request=0xffffffde fr.pc=0x00000238f0a1a2a4 relative=0x00000000000001a4
Event: 4.642 Thread 0x0000023886d9b570 Uncommon trap: reason=class_check action=maybe_recompile pc=0x00000238f0a1a2a4 method=java.lang.String.equals(Ljava/lang/Object;)Z @ 8 c2
Event: 4.642 Thread 0x0000023886d9b570 DEOPT PACKING pc=0x00000238f0a1a2a4 sp=0x0000003c38ef70b0
Event: 4.642 Thread 0x0000023886d9b570 DEOPT UNPACKING pc=0x00000238f02f69a3 sp=0x0000003c38ef7058 mode 2
Event: 4.720 Thread 0x0000023887759680 DEOPT PACKING pc=0x00000238e968d6a4 sp=0x0000003c3a8fe860
Event: 4.720 Thread 0x0000023887759680 DEOPT UNPACKING pc=0x00000238f02f7143 sp=0x0000003c3a8fddb8 mode 0

Classes unloaded (2 events):
Event: 4.538 Thread 0x000002388057b5c0 Unloading class 0x0000000100604000 '_BuildScript_$_run_closure1'
Event: 4.538 Thread 0x000002388057b5c0 Unloading class 0x00000001005fc000 '_BuildScript_'

Classes redefined (0 events):
No events

Internal exceptions (20 events):
Event: 4.484 Thread 0x0000023886d9b570 Exception <a 'java/lang/ClassNotFoundException'{0x00000000853d9970}: org/gradle/groovy/scripts/ScriptCustomizer> (0x00000000853d9970) 
thrown [s\src\hotspot\share\classfile\systemDictionary.cpp, line 256]
Event: 4.484 Thread 0x0000023886d9b570 Exception <a 'java/lang/ClassNotFoundException'{0x00000000853eabb0}: org/gradle/groovy/scripts/BasicScriptCustomizer> (0x00000000853eabb0) 
thrown [s\src\hotspot\share\classfile\systemDictionary.cpp, line 256]
Event: 4.485 Thread 0x0000023886d9b570 Exception <a 'java/lang/ClassNotFoundException'{0x0000000085201ec8}: org/gradle/groovy/scripts/DefaultScriptCustomizer> (0x0000000085201ec8) 
thrown [s\src\hotspot\share\classfile\systemDictionary.cpp, line 256]
Event: 4.486 Thread 0x0000023886d9b570 Exception <a 'java/lang/ClassNotFoundException'{0x0000000085229b88}: org/gradle/initialization/InitScriptCustomizer> (0x0000000085229b88) 
thrown [s\src\hotspot\share\classfile\systemDictionary.cpp, line 256]
Event: 4.486 Thread 0x0000023886d9b570 Exception <a 'java/lang/ClassNotFoundException'{0x0000000085238928}: ijMapper1_1ihxjidisckhom6fcluvxfuxjCustomizer> (0x0000000085238928) 
thrown [s\src\hotspot\share\classfile\systemDictionary.cpp, line 256]
Event: 4.494 Thread 0x0000023886d9b570 Exception <a 'java/lang/ClassNotFoundException'{0x00000000852e0a88}: org/gradle/internal/extensibility/DefaultExtraPropertiesExtensionBeanInfo> (0x00000000852e0a88) 
thrown [s\src\hotspot\share\classfile\systemDictionary.cpp, line 256]
Event: 4.494 Thread 0x0000023886d9b570 Exception <a 'java/lang/ClassNotFoundException'{0x00000000852eb408}: org/gradle/internal/extensibility/DefaultExtraPropertiesExtensionCustomizer> (0x00000000852eb408) 
thrown [s\src\hotspot\share\classfile\systemDictionary.cpp, line 256]
Event: 4.507 Thread 0x0000023886d9b570 Exception <a 'java/lang/ClassNotFoundException'{0x000000008507cfc0}: org/gradle/invocation/DefaultGradle_DecoratedBeanInfo> (0x000000008507cfc0) 
thrown [s\src\hotspot\share\classfile\systemDictionary.cpp, line 256]
Event: 4.507 Thread 0x0000023886d9b570 Exception <a 'java/lang/ClassNotFoundException'{0x000000008508ce98}: org/gradle/invocation/DefaultGradleBeanInfo> (0x000000008508ce98) 
thrown [s\src\hotspot\share\classfile\systemDictionary.cpp, line 256]
Event: 4.507 Thread 0x0000023886d9b570 Exception <a 'java/lang/ClassNotFoundException'{0x000000008509d0e8}: org/gradle/api/internal/project/AbstractPluginAwareBeanInfo> (0x000000008509d0e8) 
thrown [s\src\hotspot\share\classfile\systemDictionary.cpp, line 256]
Event: 4.507 Thread 0x0000023886d9b570 Exception <a 'java/lang/ClassNotFoundException'{0x00000000850ad310}: org/gradle/api/internal/project/AbstractPluginAwareCustomizer> (0x00000000850ad310) 
thrown [s\src\hotspot\share\classfile\systemDictionary.cpp, line 256]
Event: 4.508 Thread 0x0000023886d9b570 Exception <a 'java/lang/ClassNotFoundException'{0x00000000850c2d40}: org/gradle/invocation/DefaultGradleCustomizer> (0x00000000850c2d40) 
thrown [s\src\hotspot\share\classfile\systemDictionary.cpp, line 256]
Event: 4.509 Thread 0x0000023886d9b570 Exception <a 'java/lang/ClassNotFoundException'{0x0000000084f031d8}: org/gradle/invocation/DefaultGradle_DecoratedCustomizer> (0x0000000084f031d8) 
thrown [s\src\hotspot\share\classfile\systemDictionary.cpp, line 256]
Event: 4.552 Thread 0x0000023886d9b570 Exception <a 'java/lang/ClassNotFoundException'{0x00000000864a6618}: groovy/lang/Closure$1BeanInfo> (0x00000000864a6618) 
thrown [s\src\hotspot\share\classfile\systemDictionary.cpp, line 256]
Event: 4.553 Thread 0x0000023886d9b570 Exception <a 'java/lang/ClassNotFoundException'{0x00000000864ca2b8}: groovy/lang/ClosureBeanInfo> (0x00000000864ca2b8) 
thrown [s\src\hotspot\share\classfile\systemDictionary.cpp, line 256]
Event: 4.553 Thread 0x0000023886d9b570 Exception <a 'java/lang/ClassNotFoundException'{0x00000000864ee168}: groovy/lang/ClosureCustomizer> (0x00000000864ee168) 
thrown [s\src\hotspot\share\classfile\systemDictionary.cpp, line 256]
Event: 4.555 Thread 0x0000023886d9b570 Exception <a 'java/lang/ClassNotFoundException'{0x0000000086334508}: groovy/lang/Closure$1Customizer> (0x0000000086334508) 
thrown [s\src\hotspot\share\classfile\systemDictionary.cpp, line 256]
Event: 4.717 Thread 0x0000023887759680 Exception <a 'sun/nio/fs/WindowsException'{0x000000008548c980}> (0x000000008548c980) 
thrown [s\src\hotspot\share\prims\jni.cpp, line 517]
Event: 4.721 Thread 0x0000023887759680 Exception <a 'sun/nio/fs/WindowsException'{0x00000000854d84f0}> (0x00000000854d84f0) 
thrown [s\src\hotspot\share\prims\jni.cpp, line 517]
Event: 4.721 Thread 0x0000023887759680 Exception <a 'sun/nio/fs/WindowsException'{0x00000000854d8668}> (0x00000000854d8668) 
thrown [s\src\hotspot\share\prims\jni.cpp, line 517]

VM Operations (20 events):
Event: 4.426 Executing VM operation: ICBufferFull
Event: 4.426 Executing VM operation: ICBufferFull done
Event: 4.438 Executing VM operation: HandshakeAllThreads
Event: 4.438 Executing VM operation: HandshakeAllThreads done
Event: 4.467 Executing VM operation: G1CollectForAllocation
Event: 4.470 Executing VM operation: G1CollectForAllocation done
Event: 4.477 Executing VM operation: G1PauseRemark
Event: 4.479 Executing VM operation: G1PauseRemark done
Event: 4.483 Executing VM operation: G1PauseCleanup
Event: 4.483 Executing VM operation: G1PauseCleanup done
Event: 4.512 Executing VM operation: G1TryInitiateConcMark
Event: 4.515 Executing VM operation: G1TryInitiateConcMark done
Event: 4.517 Executing VM operation: G1TryInitiateConcMark
Event: 4.518 Executing VM operation: G1TryInitiateConcMark done
Event: 4.526 Executing VM operation: G1PauseRemark
Event: 4.542 Executing VM operation: G1PauseRemark done
Event: 4.547 Executing VM operation: G1PauseCleanup
Event: 4.548 Executing VM operation: G1PauseCleanup done
Event: 4.590 Executing VM operation: HandshakeAllThreads
Event: 4.590 Executing VM operation: HandshakeAllThreads done

Events (20 events):
Event: 4.589 loading class java/util/stream/SortedOps$OfInt
Event: 4.589 loading class java/util/stream/IntPipeline$StatefulOp
Event: 4.589 loading class java/util/stream/IntPipeline$StatefulOp done
Event: 4.589 loading class java/util/stream/SortedOps$OfInt done
Event: 4.590 loading class java/util/stream/Nodes$IntFixedNodeBuilder
Event: 4.590 loading class java/util/stream/Node$Builder$OfInt
Event: 4.590 loading class java/util/stream/Node$Builder$OfInt done
Event: 4.590 loading class java/util/stream/Nodes$IntArrayNode
Event: 4.590 loading class java/util/stream/Nodes$IntArrayNode done
Event: 4.590 loading class java/util/stream/Nodes$IntFixedNodeBuilder done
Event: 4.590 loading class java/util/stream/SortedOps$SizedIntSortingSink
Event: 4.591 loading class java/util/stream/SortedOps$AbstractIntSortingSink
Event: 4.591 loading class java/util/stream/SortedOps$AbstractIntSortingSink done
Event: 4.591 loading class java/util/stream/SortedOps$SizedIntSortingSink done
Event: 4.591 loading class java/util/stream/ReferencePipeline$4$1
Event: 4.591 loading class java/util/stream/ReferencePipeline$4$1 done
Event: 4.638 loading class java/util/stream/ReduceOps$5
Event: 4.639 loading class java/util/stream/ReduceOps$5 done
Event: 4.639 loading class java/util/stream/ReduceOps$CountingSink$OfRef
Event: 4.639 loading class java/util/stream/ReduceOps$CountingSink$OfRef done


Dynamic libraries:
0x00007ff7f86b0000 - 0x00007ff7f86ba000 	C:\Program Files\Android\Android Studio\jbr\bin\java.exe
0x00007ffd37f10000 - 0x00007ffd38126000 	C:\WINDOWS\SYSTEM32\ntdll.dll
0x00007ffd36e20000 - 0x00007ffd36ee4000 	C:\WINDOWS\System32\KERNEL32.DLL
0x00007ffd35730000 - 0x00007ffd35ad6000 	C:\WINDOWS\System32\KERNELBASE.dll
0x0000000050690000 - 0x00000000509c2000 	C:\Program Files\Norton Security\NortonData\22.21.5.49\Definitions\IPSDefs\20240425.064\IPSEng64.dll
0x00007ffd36a70000 - 0x00007ffd36b22000 	C:\WINDOWS\System32\ADVAPI32.dll
0x00007ffd36d70000 - 0x00007ffd36e17000 	C:\WINDOWS\System32\msvcrt.dll
0x00007ffd371b0000 - 0x00007ffd37258000 	C:\WINDOWS\System32\sechost.dll
0x00007ffd35c30000 - 0x00007ffd35c58000 	C:\WINDOWS\System32\bcrypt.dll
0x00007ffd37ac0000 - 0x00007ffd37bd5000 	C:\WINDOWS\System32\RPCRT4.dll
0x00007ffd35c60000 - 0x00007ffd35c68000 	C:\WINDOWS\System32\PSAPI.DLL
0x00007ffd35500000 - 0x00007ffd35611000 	C:\WINDOWS\System32\ucrtbase.dll
0x00007ffd051a0000 - 0x00007ffd051b7000 	C:\Program Files\Android\Android Studio\jbr\bin\jli.dll
0x00007ffd2d540000 - 0x00007ffd2d55b000 	C:\Program Files\Android\Android Studio\jbr\bin\VCRUNTIME140.dll
0x00007ffd37860000 - 0x00007ffd37a0d000 	C:\WINDOWS\System32\USER32.dll
0x00007ffd35ae0000 - 0x00007ffd35b06000 	C:\WINDOWS\System32\win32u.dll
0x00007ffd36ef0000 - 0x00007ffd36f19000 	C:\WINDOWS\System32\GDI32.dll
0x00007ffd1bda0000 - 0x00007ffd1c033000 	C:\WINDOWS\WinSxS\amd64_microsoft.windows.common-controls_6595b64144ccf1df_6.0.22621.3235_none_270f74e173860f98\COMCTL32.dll
0x00007ffd35b10000 - 0x00007ffd35c28000 	C:\WINDOWS\System32\gdi32full.dll
0x00007ffd35690000 - 0x00007ffd3572a000 	C:\WINDOWS\System32\msvcp_win.dll
0x00007ffd36b90000 - 0x00007ffd36bc1000 	C:\WINDOWS\System32\IMM32.DLL
0x00007ffd2d530000 - 0x00007ffd2d53c000 	C:\Program Files\Android\Android Studio\jbr\bin\vcruntime140_1.dll
0x00007ffd18840000 - 0x00007ffd188cd000 	C:\Program Files\Android\Android Studio\jbr\bin\msvcp140.dll
0x00007ffca2220000 - 0x00007ffca2ea3000 	C:\Program Files\Android\Android Studio\jbr\bin\server\jvm.dll
0x00007ffd2bad0000 - 0x00007ffd2bb04000 	C:\WINDOWS\SYSTEM32\WINMM.dll
0x00007ffd272e0000 - 0x00007ffd272e9000 	C:\WINDOWS\SYSTEM32\WSOCK32.dll
0x00007ffd2c850000 - 0x00007ffd2c85a000 	C:\WINDOWS\SYSTEM32\VERSION.dll
0x00007ffd340e0000 - 0x00007ffd3412d000 	C:\WINDOWS\SYSTEM32\POWRPROF.dll
0x00007ffd364d0000 - 0x00007ffd36541000 	C:\WINDOWS\System32\WS2_32.dll
0x00007ffd340c0000 - 0x00007ffd340d3000 	C:\WINDOWS\SYSTEM32\UMPDC.dll
0x00007ffd34380000 - 0x00007ffd34398000 	C:\WINDOWS\SYSTEM32\kernel.appcore.dll
0x00007ffd26ab0000 - 0x00007ffd26aba000 	C:\Program Files\Android\Android Studio\jbr\bin\jimage.dll
0x00007ffd327f0000 - 0x00007ffd32a23000 	C:\WINDOWS\SYSTEM32\DBGHELP.DLL
0x00007ffd36570000 - 0x00007ffd368f8000 	C:\WINDOWS\System32\combase.dll
0x00007ffd36980000 - 0x00007ffd36a57000 	C:\WINDOWS\System32\OLEAUT32.dll
0x00007ffd220b0000 - 0x00007ffd220e2000 	C:\WINDOWS\SYSTEM32\dbgcore.DLL
0x00007ffd35250000 - 0x00007ffd352ca000 	C:\WINDOWS\System32\bcryptPrimitives.dll
0x00007ffd26540000 - 0x00007ffd26565000 	C:\Program Files\Android\Android Studio\jbr\bin\java.dll
0x00007ffd26830000 - 0x00007ffd26848000 	C:\Program Files\Android\Android Studio\jbr\bin\zip.dll
0x00007ffd35c70000 - 0x00007ffd364cd000 	C:\WINDOWS\System32\SHELL32.dll
0x00007ffd33180000 - 0x00007ffd33a78000 	C:\WINDOWS\SYSTEM32\windows.storage.dll
0x00007ffd33040000 - 0x00007ffd3317e000 	C:\WINDOWS\SYSTEM32\wintypes.dll
0x00007ffd37020000 - 0x00007ffd37113000 	C:\WINDOWS\System32\SHCORE.dll
0x00007ffd37be0000 - 0x00007ffd37c3e000 	C:\WINDOWS\System32\shlwapi.dll
0x00007ffd35180000 - 0x00007ffd351a6000 	C:\WINDOWS\SYSTEM32\profapi.dll
0x00007ffd26520000 - 0x00007ffd26539000 	C:\Program Files\Android\Android Studio\jbr\bin\net.dll
0x00007ffd2eb00000 - 0x00007ffd2ec37000 	C:\WINDOWS\SYSTEM32\WINHTTP.dll
0x00007ffd34800000 - 0x00007ffd34869000 	C:\WINDOWS\system32\mswsock.dll
0x00007ffd25250000 - 0x00007ffd25266000 	C:\Program Files\Android\Android Studio\jbr\bin\nio.dll
0x00007ffd24ea0000 - 0x00007ffd24eb0000 	C:\Program Files\Android\Android Studio\jbr\bin\verify.dll
0x00007ffd05170000 - 0x00007ffd05197000 	C:\Users\malho\.gradle\native\68d5fa5c4cc2d200863cafc0d521ce42e7d3e7ee720ec0a83991735586a16f82\windows-amd64\native-platform.dll
0x00007ffd17630000 - 0x00007ffd17774000 	C:\Users\malho\.gradle\native\e376f236ea51e6404a007f0833ffe2c6e607c4080706a723a18a27aeea778392\windows-amd64\native-platform-file-events.dll
0x00007ffd26aa0000 - 0x00007ffd26aa9000 	C:\Program Files\Android\Android Studio\jbr\bin\management.dll
0x00007ffd25240000 - 0x00007ffd2524b000 	C:\Program Files\Android\Android Studio\jbr\bin\management_ext.dll
0x00007ffd34a50000 - 0x00007ffd34a6b000 	C:\WINDOWS\SYSTEM32\CRYPTSP.dll
0x00007ffd342e0000 - 0x00007ffd34315000 	C:\WINDOWS\system32\rsaenh.dll
0x00007ffd348f0000 - 0x00007ffd3491c000 	C:\WINDOWS\SYSTEM32\USERENV.dll
0x00007ffd34a70000 - 0x00007ffd34a7c000 	C:\WINDOWS\SYSTEM32\CRYPTBASE.dll
0x00007ffd33da0000 - 0x00007ffd33dcd000 	C:\WINDOWS\SYSTEM32\IPHLPAPI.DLL
0x00007ffd37260000 - 0x00007ffd37269000 	C:\WINDOWS\System32\NSI.dll
0x00007ffd2c860000 - 0x00007ffd2c879000 	C:\WINDOWS\SYSTEM32\dhcpcsvc6.DLL
0x00007ffd2c7f0000 - 0x00007ffd2c80f000 	C:\WINDOWS\SYSTEM32\dhcpcsvc.DLL
0x00007ffd33dd0000 - 0x00007ffd33ec9000 	C:\WINDOWS\SYSTEM32\DNSAPI.dll
0x00007ffd285d0000 - 0x00007ffd285d8000 	C:\WINDOWS\system32\wshunix.dll

dbghelp: loaded successfully - version: 4.0.5 - missing functions: none
symbol engine: initialized successfully - sym options: 0x614 - pdb path: .;C:\Program Files\Android\Android Studio\jbr\bin;C:\WINDOWS\SYSTEM32;C:\Program Files\Norton Security\NortonData\22.21.5.49\Definitions\IPSDefs\20240425.064;C:\WINDOWS\WinSxS\amd64_microsoft.windows.common-controls_6595b64144ccf1df_6.0.22621.3235_none_270f74e173860f98;C:\Program Files\Android\Android Studio\jbr\bin\server;C:\Users\malho\.gradle\native\68d5fa5c4cc2d200863cafc0d521ce42e7d3e7ee720ec0a83991735586a16f82\windows-amd64;C:\Users\malho\.gradle\native\e376f236ea51e6404a007f0833ffe2c6e607c4080706a723a18a27aeea778392\windows-amd64

VM Arguments:
jvm_args: --add-opens=java.base/java.util=ALL-UNNAMED --add-opens=java.base/java.lang=ALL-UNNAMED --add-opens=java.base/java.lang.invoke=ALL-UNNAMED --add-opens=java.prefs/java.util.prefs=ALL-UNNAMED --add-opens=java.base/java.nio.charset=ALL-UNNAMED --add-opens=java.base/java.net=ALL-UNNAMED --add-opens=java.base/java.util.concurrent.atomic=ALL-UNNAMED -Xmx2048m -Dfile.encoding=UTF-8 -Duser.country=US -Duser.language=en -Duser.variant 
java_command: org.gradle.launcher.daemon.bootstrap.GradleDaemon 8.0
java_class_path (initial): C:\Users\malho\.gradle\wrapper\dists\gradle-8.0-bin\ca5e32bp14vu59qr306oxotwh\gradle-8.0\lib\gradle-launcher-8.0.jar
Launcher Type: SUN_STANDARD

[Global flags]
     intx CICompilerCount                          = 12                                        {product} {ergonomic}
     uint ConcGCThreads                            = 3                                         {product} {ergonomic}
     uint G1ConcRefinementThreads                  = 13                                        {product} {ergonomic}
   size_t G1HeapRegionSize                         = 1048576                                   {product} {ergonomic}
    uintx GCDrainStackTargetSize                   = 64                                        {product} {ergonomic}
   size_t InitialHeapSize                          = 130023424                                 {product} {ergonomic}
   size_t MarkStackSize                            = 4194304                                   {product} {ergonomic}
   size_t MaxHeapSize                              = 2147483648                                {product} {command line}
   size_t MaxNewSize                               = 1287651328                                {product} {ergonomic}
   size_t MinHeapDeltaBytes                        = 1048576                                   {product} {ergonomic}
   size_t MinHeapSize                              = 8388608                                   {product} {ergonomic}
    uintx NonNMethodCodeHeapSize                   = 7602480                                {pd product} {ergonomic}
    uintx NonProfiledCodeHeapSize                  = 122027880                              {pd product} {ergonomic}
    uintx ProfiledCodeHeapSize                     = 122027880                              {pd product} {ergonomic}
    uintx ReservedCodeCacheSize                    = 251658240                              {pd product} {ergonomic}
     bool SegmentedCodeCache                       = true                                      {product} {ergonomic}
   size_t SoftMaxHeapSize                          = 2147483648                             {manageable} {ergonomic}
     bool UseCompressedClassPointers               = true                           {product lp64_product} {ergonomic}
     bool UseCompressedOops                        = true                           {product lp64_product} {ergonomic}
     bool UseG1GC                                  = true                                      {product} {ergonomic}
     bool UseLargePagesIndividualAllocation        = false                                  {pd product} {ergonomic}

Logging:
Log output configuration:
 #0: stdout all=warning uptime,level,tags
 #1: stderr all=off uptime,level,tags

Environment Variables:
PATH=C:\Program Files\Eclipse Adoptium\jdk-21.0.2.13-hotspot\bin;C:\Windows\system32;C:\Windows;C:\Windows\System32\Wbem;C:\Windows\System32\WindowsPowerShell\v1.0\;C:\Windows\System32\OpenSSH\;C:\Program Files (x86)\NVIDIA Corporation\PhysX\Common;C:\Program Files\NVIDIA Corporation\NVIDIA NvDLISR;C:\msys64\mingw64\bin;C:\MinGW\bin;C:\WINDOWS\system32;C:\WINDOWS;C:\WINDOWS\System32\Wbem;C:\WINDOWS\System32\WindowsPowerShell\v1.0\;C:\WINDOWS\System32\OpenSSH\;C:\Program Files\MySQL\MySQL Server 8.0\bin;C:\Program Files\Git\cmd;C:\Users\malho\AppData\Local\Programs\Python\Python311\Scripts\;C:\Users\malho\AppData\Local\Programs\Python\Python311\;C:\Users\malho\AppData\Local\Microsoft\WindowsApps;C:\Users\malho\AppData\Local\Programs\Microsoft VS Code\bin;
USERNAME=malho
OS=Windows_NT
PROCESSOR_IDENTIFIER=Intel64 Family 6 Model 154 Stepping 3, GenuineIntel
TMP=C:\Users\malho\AppData\Local\Temp
TEMP=C:\Users\malho\AppData\Local\Temp



Periodic native trim disabled

JNI global refs:
JNI global refs: 33, weak refs: 32

JNI global refs memory usage: 843, weak refs: 841

OOME stack traces (most recent first):
Classloader memory used:
Loader org.gradle.internal.classloader.VisitableURLClassLoader                         : 3226K
Loader bootstrap                                                                       : 2388K
Loader org.gradle.initialization.MixInLegacyTypesClassLoader                           : 462K
Loader jdk.internal.loader.ClassLoaders$PlatformClassLoader                            : 66829B
Loader org.gradle.internal.classloader.VisitableURLClassLoader                         : 53185B
Loader jdk.internal.loader.ClassLoaders$AppClassLoader                                 : 26051B
Loader jdk.internal.reflect.DelegatingClassLoader                                      : 21995B
Loader org.gradle.groovy.scripts.internal.DefaultScriptCompilationHandler$ScriptClassLoader: 3729B
Loader groovy.lang.GroovyClassLoader$InnerLoader                                       : 1459B
Loader org.codehaus.groovy.runtime.callsite.CallSiteClassLoader                        : 876B

Classes loaded by more than one classloader:
Class org.gradle.api.GradleException                                                  : loaded 3 times (x 80B)
Class org.gradle.util.GradleVersion                                                   : loaded 2 times (x 81B)
Class org.gradle.internal.classpath.ClassPath                                         : loaded 2 times (x 68B)
Class org.gradle.api.internal.classpath.DefaultModuleRegistry                         : loaded 2 times (x 84B)
Class org.gradle.api.Action                                                           : loaded 2 times (x 68B)
Class org.gradle.api.internal.DefaultClassPathProvider                                : loaded 2 times (x 74B)
Class org.gradle.internal.installation.GradleInstallation$1                           : loaded 2 times (x 73B)
Class org.gradle.internal.exceptions.DefaultMultiCauseException                       : loaded 2 times (x 89B)
Class org.gradle.internal.time.MonotonicClock                                         : loaded 2 times (x 75B)
Class org.gradle.internal.classloader.FilteringClassLoader                            : loaded 2 times (x 103B)
Class org.gradle.internal.classpath.DefaultClassPath$ImmutableUniqueList$Builder      : loaded 2 times (x 73B)
Class org.gradle.internal.classloader.ClassLoaderVisitor                              : loaded 2 times (x 74B)
Class org.gradle.internal.time.DefaultCountdownTimer                                  : loaded 2 times (x 86B)
Class org.gradle.internal.service.DefaultServiceLocator                               : loaded 2 times (x 81B)
Class org.gradle.internal.service.UnknownServiceException                             : loaded 2 times (x 81B)
Class org.gradle.internal.classloader.DefaultClassLoaderFactory                       : loaded 2 times (x 80B)
Class org.gradle.internal.classloader.VisitableURLClassLoader$Spec                    : loaded 2 times (x 72B)
Class org.gradle.tooling.model.ProjectModel                                           : loaded 2 times (x 68B)
Class org.gradle.internal.installation.GradleInstallation                             : loaded 2 times (x 73B)
Class org.gradle.api.internal.classpath.ModuleRegistry                                : loaded 2 times (x 68B)
Class org.gradle.api.internal.ClassPathProvider                                       : loaded 2 times (x 68B)
Class org.gradle.internal.classloader.ClasspathUtil$1                                 : loaded 2 times (x 74B)
Class org.gradle.internal.classloader.ClassLoaderFactory                              : loaded 2 times (x 68B)
Class org.gradle.api.internal.classpath.ManifestUtil                                  : loaded 2 times (x 69B)
Class org.gradle.api.specs.Spec                                                       : loaded 2 times (x 68B)
Class org.gradle.internal.IoActions                                                   : loaded 2 times (x 69B)
Class org.gradle.api.internal.classpath.EffectiveClassPath                            : loaded 2 times (x 88B)
Class org.gradle.internal.installation.CurrentGradleInstallation                      : loaded 2 times (x 71B)
Class org.gradle.internal.installation.CurrentGradleInstallationLocator               : loaded 2 times (x 69B)
Class org.gradle.api.internal.classpath.Module                                        : loaded 2 times (x 68B)
Class org.gradle.internal.service.CachingServiceLocator                               : loaded 2 times (x 80B)
Class org.gradle.internal.time.Timer                                                  : loaded 2 times (x 68B)
Class org.gradle.internal.classpath.DefaultClassPath                                  : loaded 2 times (x 88B)
Class org.gradle.internal.time.Time                                                   : loaded 2 times (x 69B)
Class org.gradle.internal.time.TimeSource$1                                           : loaded 2 times (x 75B)
Class org.gradle.internal.classloader.SystemClassLoaderSpec                           : loaded 2 times (x 69B)
Class kotlin.Function                                                                 : loaded 2 times (x 68B)
Class org.gradle.api.UncheckedIOException                                             : loaded 2 times (x 80B)
Class org.gradle.internal.time.Clock                                                  : loaded 2 times (x 68B)
Class org.gradle.internal.time.CountdownTimer                                         : loaded 2 times (x 68B)
Class org.gradle.internal.classloader.ClasspathUtil                                   : loaded 2 times (x 69B)
Class org.gradle.api.internal.DefaultClassPathRegistry                                : loaded 2 times (x 74B)
Class org.gradle.api.internal.classpath.DefaultModuleRegistry$DefaultModule           : loaded 2 times (x 84B)
Class org.gradle.internal.time.TimeSource                                             : loaded 2 times (x 68B)
Class org.gradle.api.internal.classpath.UnknownModuleException                        : loaded 2 times (x 80B)
Class org.gradle.internal.service.ServiceLookupException                              : loaded 2 times (x 80B)
Class org.gradle.cache.GlobalCache                                                    : loaded 2 times (x 68B)
Class [Lorg.gradle.api.internal.ClassPathProvider;                                    : loaded 2 times (x 67B)
Class org.gradle.internal.operations.MultipleBuildOperationFailures                   : loaded 2 times (x 89B)
Class org.gradle.util.internal.GUtil                                                  : loaded 2 times (x 69B)
Class org.gradle.internal.classloader.ClassLoaderSpec                                 : loaded 2 times (x 69B)
Class org.gradle.internal.classloader.VisitableURLClassLoader                         : loaded 2 times (x 115B)
Class org.gradle.internal.Cast                                                        : loaded 2 times (x 69B)
Class org.gradle.api.internal.ClassPathRegistry                                       : loaded 2 times (x 68B)
Class org.gradle.internal.classloader.ClassLoaderHierarchy                            : loaded 2 times (x 68B)
Class org.gradle.internal.exceptions.MultiCauseException                              : loaded 2 times (x 68B)
Class org.gradle.internal.InternalTransformer                                         : loaded 2 times (x 68B)
Class org.gradle.internal.service.ServiceLocator                                      : loaded 2 times (x 68B)
Class org.gradle.internal.classpath.DefaultClassPath$ImmutableUniqueList              : loaded 2 times (x 159B)
Class org.gradle.internal.time.DefaultTimer                                           : loaded 2 times (x 78B)


---------------  S Y S T E M  ---------------

OS:
 Windows 11 , 64 bit Build 22621 (10.0.22621.3235)
OS uptime: 0 days 0:18 hours
Hyper-V role detected

CPU: total 16 (initial active 16) (8 cores per cpu, 2 threads per core) family 6 model 154 stepping 3 microcode 0x419, cx8, cmov, fxsr, ht, mmx, 3dnowpref, sse, sse2, sse3, ssse3, sse4.1, sse4.2, popcnt, lzcnt, tsc, tscinvbit, avx, avx2, aes, erms, clmul, bmi1, bmi2, adx, sha, fma, vzeroupper, clflush, clflushopt, clwb, hv
Processor Information for processor 0
  Max Mhz: 1700, Current Mhz: 1700, Mhz Limit: 1700
Processor Information for processor 1
  Max Mhz: 1700, Current Mhz: 1700, Mhz Limit: 1700
Processor Information for processor 2
  Max Mhz: 1700, Current Mhz: 1700, Mhz Limit: 1700
Processor Information for processor 3
  Max Mhz: 1700, Current Mhz: 1700, Mhz Limit: 1700
Processor Information for processor 4
  Max Mhz: 1700, Current Mhz: 1700, Mhz Limit: 1700
Processor Information for processor 5
  Max Mhz: 1700, Current Mhz: 1700, Mhz Limit: 1700
Processor Information for processor 6
  Max Mhz: 1700, Current Mhz: 1700, Mhz Limit: 1700
Processor Information for processor 7
  Max Mhz: 1700, Current Mhz: 1457, Mhz Limit: 1700
Processor Information for processor 8
  Max Mhz: 1700, Current Mhz: 1200, Mhz Limit: 1190
Processor Information for processor 9
  Max Mhz: 1700, Current Mhz: 1200, Mhz Limit: 1190
Processor Information for processor 10
  Max Mhz: 1700, Current Mhz: 1200, Mhz Limit: 1190
Processor Information for processor 11
  Max Mhz: 1700, Current Mhz: 1200, Mhz Limit: 1190
Processor Information for processor 12
  Max Mhz: 1700, Current Mhz: 1200, Mhz Limit: 1190
Processor Information for processor 13
  Max Mhz: 1700, Current Mhz: 1200, Mhz Limit: 1190
Processor Information for processor 14
  Max Mhz: 1700, Current Mhz: 1200, Mhz Limit: 1190
Processor Information for processor 15
  Max Mhz: 1700, Current Mhz: 1200, Mhz Limit: 1190

Memory: 4k page, system-wide physical 7896M (258M free)
TotalPageFile size 11396M (AvailPageFile size 6M)
current process WorkingSet (physical memory assigned to process): 258M, peak: 258M
current process commit charge ("private bytes"): 305M, peak: 307M

vm_info: OpenJDK 64-Bit Server VM (17.0.9+0--11185874) for windows-amd64 JRE (17.0.9+0--11185874), built on Dec  6 2023 18:57:44 by "androidbuild" with MS VC++ 16.10 / 16.11 (VS2019)

END.
