#
# There is insufficient memory for the Java Runtime Environment to continue.
# Native memory allocation (malloc) failed to allocate 1807856 bytes for Chunk::new
# Possible reasons:
#   The system is out of physical RAM or swap space
#   The process is running with CompressedOops enabled, and the Java Heap may be blocking the growth of the native heap
# Possible solutions:
#   Reduce memory load on the system
#   Increase physical memory or swap space
#   Check if swap backing store is full
#   Decrease Java heap size (-Xmx/-Xms)
#   Decrease number of Java threads
#   Decrease Java thread stack sizes (-Xss)
#   Set larger code cache with -XX:ReservedCodeCacheSize=
#   JVM is running with Unscaled Compressed Oops mode in which the Java heap is
#     placed in the first 4GB address space. The Java Heap base address is the
#     maximum limit for the native heap growth. Please use -XX:HeapBaseMinAddress
#     to set the Java Heap base and to place the Java Heap above 4GB virtual address.
# This output file may be truncated or incomplete.
#
#  Out of Memory Error (arena.cpp:191), pid=2672, tid=17420
#
# JRE version: OpenJDK Runtime Environment (17.0.9) (build 17.0.9+0--11185874)
# Java VM: OpenJDK 64-Bit Server VM (17.0.9+0--11185874, mixed mode, tiered, compressed oops, compressed class ptrs, g1 gc, windows-amd64)
# No core dump will be written. Minidumps are not enabled by default on client versions of Windows
#

---------------  S U M M A R Y ------------

Command Line: --add-opens=java.base/java.util=ALL-UNNAMED --add-opens=java.base/java.lang=ALL-UNNAMED --add-opens=java.base/java.lang.invoke=ALL-UNNAMED --add-opens=java.prefs/java.util.prefs=ALL-UNNAMED --add-opens=java.base/java.nio.charset=ALL-UNNAMED --add-opens=java.base/java.net=ALL-UNNAMED --add-opens=java.base/java.util.concurrent.atomic=ALL-UNNAMED -Xmx2048m -Dfile.encoding=UTF-8 -Duser.country=US -Duser.language=en -Duser.variant org.gradle.launcher.daemon.bootstrap.GradleDaemon 8.0

Host: 12th Gen Intel(R) Core(TM) i5-1240P, 16 cores, 7G,  Windows 11 , 64 bit Build 22621 (10.0.22621.3235)
Time: Mon Apr 29 21:46:05 2024 India Standard Time elapsed time: 3.994005 seconds (0d 0h 0m 3s)

---------------  T H R E A D  ---------------

Current thread (0x0000028b96181370):  JavaThread "C2 CompilerThread0" daemon [_thread_in_native, id=17420, stack(0x000000d43e100000,0x000000d43e200000)]


Current CompileTask:
C2:   3994 4834       4       org.objectweb.asm.ClassReader::readElementValue (1237 bytes)

Stack: [0x000000d43e100000,0x000000d43e200000]
Native frames: (J=compiled Java code, j=interpreted, Vv=VM code, C=native code)
V  [jvm.dll+0x6886e9]
V  [jvm.dll+0x841e4a]
V  [jvm.dll+0x843a8e]
V  [jvm.dll+0x8440f3]
V  [jvm.dll+0x24c14f]
V  [jvm.dll+0xac44c]
V  [jvm.dll+0xaca9c]
V  [jvm.dll+0x36c1a2]
V  [jvm.dll+0x33651a]
V  [jvm.dll+0x3359ba]
V  [jvm.dll+0x21ddb1]
V  [jvm.dll+0x21d1d1]
V  [jvm.dll+0x1a674d]
V  [jvm.dll+0x22d088]
V  [jvm.dll+0x22b1c0]
V  [jvm.dll+0x7f62f7]
V  [jvm.dll+0x7f06aa]
V  [jvm.dll+0x687565]
C  [ucrtbase.dll+0x29363]
C  [KERNEL32.DLL+0x1257d]
C  [ntdll.dll+0x5aa58]


---------------  P R O C E S S  ---------------

Threads class SMR info:
_java_thread_list=0x0000028b9cda7920, length=54, elements={
0x0000028bfb5c4cd0, 0x0000028b9612ed00, 0x0000028b9612f980, 0x0000028b9617da20,
0x0000028b9617f300, 0x0000028b9617fcc0, 0x0000028b96180680, 0x0000028b96181370,
0x0000028b96182c90, 0x0000028b961839a0, 0x0000028b96301940, 0x0000028b96309e90,
0x0000028b9633d500, 0x0000028b96379ec0, 0x0000028b96786180, 0x0000028b96a27110,
0x0000028b9ca90010, 0x0000028b9b9eb540, 0x0000028b9ba06b90, 0x0000028b9ba07070,
0x0000028b9d146820, 0x0000028b9c4cc1b0, 0x0000028b9b8e19b0, 0x0000028b9c8bac00,
0x0000028b9b88fdf0, 0x0000028b9b890300, 0x0000028b9b88e9b0, 0x0000028b9b88df90,
0x0000028b9b88f8e0, 0x0000028b9b88eec0, 0x0000028b9b88d060, 0x0000028b9b88e4a0,
0x0000028b9b88f3d0, 0x0000028b9dda85a0, 0x0000028b9dda5810, 0x0000028b9dda7b80,
0x0000028b9dda34a0, 0x0000028b9dda7670, 0x0000028b9dda8ab0, 0x0000028b9dda43d0,
0x0000028b9dda5d20, 0x0000028b9dda8090, 0x0000028b9dda2a80, 0x0000028b9dda2570,
0x0000028b9dda8fc0, 0x0000028b9dda7160, 0x0000028b9dda94d0, 0x0000028b9dda2060,
0x0000028b9dda2f90, 0x0000028b9dda99e0, 0x0000028b9dda3ec0, 0x0000028b9dda5300,
0x0000028b9dda6230, 0x0000028b9dda6740
}

Java Threads: ( => current thread )
  0x0000028bfb5c4cd0 JavaThread "main" [_thread_blocked, id=13476, stack(0x000000d43d400000,0x000000d43d500000)]
  0x0000028b9612ed00 JavaThread "Reference Handler" daemon [_thread_blocked, id=15348, stack(0x000000d43db00000,0x000000d43dc00000)]
  0x0000028b9612f980 JavaThread "Finalizer" daemon [_thread_blocked, id=17316, stack(0x000000d43dc00000,0x000000d43dd00000)]
  0x0000028b9617da20 JavaThread "Signal Dispatcher" daemon [_thread_blocked, id=17932, stack(0x000000d43dd00000,0x000000d43de00000)]
  0x0000028b9617f300 JavaThread "Attach Listener" daemon [_thread_blocked, id=2696, stack(0x000000d43de00000,0x000000d43df00000)]
  0x0000028b9617fcc0 JavaThread "Service Thread" daemon [_thread_blocked, id=4624, stack(0x000000d43df00000,0x000000d43e000000)]
  0x0000028b96180680 JavaThread "Monitor Deflation Thread" daemon [_thread_blocked, id=2060, stack(0x000000d43e000000,0x000000d43e100000)]
=>0x0000028b96181370 JavaThread "C2 CompilerThread0" daemon [_thread_in_native, id=17420, stack(0x000000d43e100000,0x000000d43e200000)]
  0x0000028b96182c90 JavaThread "C1 CompilerThread0" daemon [_thread_blocked, id=8724, stack(0x000000d43e200000,0x000000d43e300000)]
  0x0000028b961839a0 JavaThread "Sweeper thread" daemon [_thread_blocked, id=13040, stack(0x000000d43e300000,0x000000d43e400000)]
  0x0000028b96301940 JavaThread "C1 CompilerThread1" daemon [_thread_blocked, id=17476, stack(0x000000d43e400000,0x000000d43e500000)]
  0x0000028b96309e90 JavaThread "C1 CompilerThread2" daemon [_thread_blocked, id=3272, stack(0x000000d43e500000,0x000000d43e600000)]
  0x0000028b9633d500 JavaThread "Common-Cleaner" daemon [_thread_blocked, id=1404, stack(0x000000d43e600000,0x000000d43e700000)]
  0x0000028b96379ec0 JavaThread "Notification Thread" daemon [_thread_blocked, id=16744, stack(0x000000d43e700000,0x000000d43e800000)]
  0x0000028b96786180 JavaThread "C2 CompilerThread1" daemon [_thread_in_native, id=16912, stack(0x000000d43e900000,0x000000d43ea00000)]
  0x0000028b96a27110 JavaThread "C2 CompilerThread2" daemon [_thread_in_native, id=8208, stack(0x000000d43ea00000,0x000000d43eb00000)]
  0x0000028b9ca90010 JavaThread "C1 CompilerThread3" daemon [_thread_blocked, id=6412, stack(0x000000d43ef00000,0x000000d43f000000)]
  0x0000028b9b9eb540 JavaThread "Daemon health stats" [_thread_blocked, id=2124, stack(0x000000d43f000000,0x000000d43f100000)]
  0x0000028b9ba06b90 JavaThread "Incoming local TCP Connector on port 50419" [_thread_in_native, id=15084, stack(0x000000d43f100000,0x000000d43f200000)]
  0x0000028b9ba07070 JavaThread "Daemon periodic checks" [_thread_blocked, id=7928, stack(0x000000d43f200000,0x000000d43f300000)]
  0x0000028b9d146820 JavaThread "Daemon" [_thread_blocked, id=4728, stack(0x000000d43f300000,0x000000d43f400000)]
  0x0000028b9c4cc1b0 JavaThread "Handler for socket connection from /127.0.0.1:50419 to /127.0.0.1:50420" [_thread_in_native, id=7772, stack(0x000000d43f400000,0x000000d43f500000)]
  0x0000028b9b8e19b0 JavaThread "Cancel handler" [_thread_blocked, id=17416, stack(0x000000d43f500000,0x000000d43f600000)]
  0x0000028b9c8bac00 JavaThread "Daemon worker" [_thread_blocked, id=8300, stack(0x000000d43f600000,0x000000d43f700000)]
  0x0000028b9b88fdf0 JavaThread "Asynchronous log dispatcher for DefaultDaemonConnection: socket connection from /127.0.0.1:50419 to /127.0.0.1:50420" [_thread_blocked, id=17432, stack(0x000000d43f700000,0x000000d43f800000)]
  0x0000028b9b890300 JavaThread "Stdin handler" [_thread_blocked, id=17424, stack(0x000000d43f800000,0x000000d43f900000)]
  0x0000028b9b88e9b0 JavaThread "Daemon client event forwarder" [_thread_blocked, id=8896, stack(0x000000d43f900000,0x000000d43fa00000)]
  0x0000028b9b88df90 JavaThread "Cache worker for journal cache (C:\Users\malho\.gradle\caches\journal-1)" [_thread_blocked, id=8372, stack(0x000000d440400000,0x000000d440500000)]
  0x0000028b9b88f8e0 JavaThread "File lock request listener" [_thread_in_native, id=13948, stack(0x000000d440500000,0x000000d440600000)]
  0x0000028b9b88eec0 JavaThread "Cache worker for file hash cache (C:\Users\malho\.gradle\caches\8.0\fileHashes)" [_thread_blocked, id=13936, stack(0x000000d440600000,0x000000d440700000)]
  0x0000028b9b88d060 JavaThread "File watcher server" daemon [_thread_in_native, id=7524, stack(0x000000d440700000,0x000000d440800000)]
  0x0000028b9b88e4a0 JavaThread "File watcher consumer" daemon [_thread_blocked, id=2228, stack(0x000000d440800000,0x000000d440900000)]
  0x0000028b9b88f3d0 JavaThread "jar transforms" [_thread_blocked, id=3208, stack(0x000000d440900000,0x000000d440a00000)]
  0x0000028b9dda85a0 JavaThread "jar transforms Thread 2" [_thread_blocked, id=18296, stack(0x000000d440a00000,0x000000d440b00000)]
  0x0000028b9dda5810 JavaThread "jar transforms Thread 3" [_thread_blocked, id=17284, stack(0x000000d440b00000,0x000000d440c00000)]
  0x0000028b9dda7b80 JavaThread "jar transforms Thread 4" [_thread_blocked, id=10628, stack(0x000000d440c00000,0x000000d440d00000)]
  0x0000028b9dda34a0 JavaThread "jar transforms Thread 5" [_thread_blocked, id=15852, stack(0x000000d440d00000,0x000000d440e00000)]
  0x0000028b9dda7670 JavaThread "jar transforms Thread 6" [_thread_blocked, id=7468, stack(0x000000d440e00000,0x000000d440f00000)]
  0x0000028b9dda8ab0 JavaThread "jar transforms Thread 7" [_thread_blocked, id=7372, stack(0x000000d440f00000,0x000000d441000000)]
  0x0000028b9dda43d0 JavaThread "jar transforms Thread 8" [_thread_blocked, id=10348, stack(0x000000d441000000,0x000000d441100000)]
  0x0000028b9dda5d20 JavaThread "jar transforms Thread 9" [_thread_blocked, id=16116, stack(0x000000d441100000,0x000000d441200000)]
  0x0000028b9dda8090 JavaThread "jar transforms Thread 10" [_thread_blocked, id=13512, stack(0x000000d441200000,0x000000d441300000)]
  0x0000028b9dda2a80 JavaThread "jar transforms Thread 11" [_thread_in_Java, id=15988, stack(0x000000d441300000,0x000000d441400000)]
  0x0000028b9dda2570 JavaThread "jar transforms Thread 12" [_thread_blocked, id=15216, stack(0x000000d441400000,0x000000d441500000)]
  0x0000028b9dda8fc0 JavaThread "jar transforms Thread 13" [_thread_blocked, id=4964, stack(0x000000d441500000,0x000000d441600000)]
  0x0000028b9dda7160 JavaThread "jar transforms Thread 14" [_thread_blocked, id=5128, stack(0x000000d441600000,0x000000d441700000)]
  0x0000028b9dda94d0 JavaThread "jar transforms Thread 15" [_thread_blocked, id=12784, stack(0x000000d441700000,0x000000d441800000)]
  0x0000028b9dda2060 JavaThread "jar transforms Thread 16" [_thread_blocked, id=7812, stack(0x000000d441800000,0x000000d441900000)]
  0x0000028b9dda2f90 JavaThread "Cache worker for checksums cache (C:\Users\malho\OneDrive\Desktop\encryptor_and_decryptor-main\.gradle\8.0\checksums)" [_thread_blocked, id=12688, stack(0x000000d441900000,0x000000d441a00000)]
  0x0000028b9dda99e0 JavaThread "Cache worker for cache directory md-rule (C:\Users\malho\.gradle\caches\8.0\md-rule)" [_thread_blocked, id=12224, stack(0x000000d441a00000,0x000000d441b00000)]
  0x0000028b9dda3ec0 JavaThread "Cache worker for file content cache (C:\Users\malho\.gradle\caches\8.0\fileContent)" [_thread_blocked, id=17540, stack(0x000000d441b00000,0x000000d441c00000)]
  0x0000028b9dda5300 JavaThread "Cache worker for file hash cache (C:\Users\malho\OneDrive\Desktop\encryptor_and_decryptor-main\.gradle\8.0\fileHashes)" [_thread_blocked, id=12060, stack(0x000000d441c00000,0x000000d441d00000)]
  0x0000028b9dda6230 JavaThread "Cache worker for cache directory md-supplier (C:\Users\malho\.gradle\caches\8.0\md-supplier)" [_thread_blocked, id=10560, stack(0x000000d441d00000,0x000000d441e00000)]
  0x0000028b9dda6740 JavaThread "Cache worker for execution history cache (C:\Users\malho\.gradle\caches\8.0\executionHistory)" [_thread_blocked, id=9580, stack(0x000000d441e00000,0x000000d441f00000)]

Other Threads:
  0x0000028b9572e840 VMThread "VM Thread" [stack: 0x000000d43da00000,0x000000d43db00000] [id=9928]
  0x0000028b9637a3a0 WatcherThread [stack: 0x000000d43e800000,0x000000d43e900000] [id=9660]
  0x0000028bfb625840 GCTaskThread "GC Thread#0" [stack: 0x000000d43d500000,0x000000d43d600000] [id=7972]
  0x0000028b96195b20 GCTaskThread "GC Thread#1" [stack: 0x000000d43eb00000,0x000000d43ec00000] [id=17736]
  0x0000028b96196360 GCTaskThread "GC Thread#2" [stack: 0x000000d43ec00000,0x000000d43ed00000] [id=6988]
  0x0000028b961955a0 GCTaskThread "GC Thread#3" [stack: 0x000000d43ed00000,0x000000d43ee00000] [id=16468]
  0x0000028b96196ba0 GCTaskThread "GC Thread#4" [stack: 0x000000d43ee00000,0x000000d43ef00000] [id=15792]
  0x0000028b96195860 GCTaskThread "GC Thread#5" [stack: 0x000000d43fa00000,0x000000d43fb00000] [id=17516]
  0x0000028b96196620 GCTaskThread "GC Thread#6" [stack: 0x000000d43fb00000,0x000000d43fc00000] [id=17508]
  0x0000028b96196e60 GCTaskThread "GC Thread#7" [stack: 0x000000d43fc00000,0x000000d43fd00000] [id=5492]
  0x0000028b9c4b3330 GCTaskThread "GC Thread#8" [stack: 0x000000d43fd00000,0x000000d43fe00000] [id=8864]
  0x0000028b9c4b4670 GCTaskThread "GC Thread#9" [stack: 0x000000d43fe00000,0x000000d43ff00000] [id=7096]
  0x0000028b9c4b3e30 GCTaskThread "GC Thread#10" [stack: 0x000000d43ff00000,0x000000d440000000] [id=7932]
  0x0000028b9c4b38b0 GCTaskThread "GC Thread#11" [stack: 0x000000d440000000,0x000000d440100000] [id=17512]
  0x0000028b9c4b3070 GCTaskThread "GC Thread#12" [stack: 0x000000d440100000,0x000000d440200000] [id=11720]
  0x0000028bfb6377f0 ConcurrentGCThread "G1 Main Marker" [stack: 0x000000d43d600000,0x000000d43d700000] [id=4472]
  0x0000028bfb6384e0 ConcurrentGCThread "G1 Conc#0" [stack: 0x000000d43d700000,0x000000d43d800000] [id=8292]
  0x0000028b9c4b56f0 ConcurrentGCThread "G1 Conc#1" [stack: 0x000000d440200000,0x000000d440300000] [id=7456]
  0x0000028b9c4b59b0 ConcurrentGCThread "G1 Conc#2" [stack: 0x000000d440300000,0x000000d440400000] [id=7464]
  0x0000028b955de0b0 ConcurrentGCThread "G1 Refine#0" [stack: 0x000000d43d800000,0x000000d43d900000] [id=13452]
  0x0000028b955de9e0 ConcurrentGCThread "G1 Service" [stack: 0x000000d43d900000,0x000000d43da00000] [id=12564]

Threads with active compile tasks:
C2 CompilerThread0     4014 4834       4       org.objectweb.asm.ClassReader::readElementValue (1237 bytes)
C2 CompilerThread1     4014 4525 %     4       org.objectweb.asm.ClassReader::readCode @ 92 (5109 bytes)
C2 CompilerThread2     4014 4830       4       org.objectweb.asm.ClassReader::readStackMapFrame (535 bytes)

VM state: not at safepoint (normal execution)

VM Mutex/Monitor currently owned by a thread: None

Heap address: 0x0000000080000000, size: 2048 MB, Compressed Oops mode: 32-bit

CDS archive(s) not mapped
Compressed class space mapped at: 0x0000000100000000-0x0000000140000000, reserved size: 1073741824
Narrow klass base: 0x0000000000000000, Narrow klass shift: 3, Narrow klass range: 0x140000000

GC Precious Log:
 CPUs: 16 total, 16 available
 Memory: 7896M
 Large Page Support: Disabled
 NUMA Support: Disabled
 Compressed Oops: Enabled (32-bit)
 Heap Region Size: 1M
 Heap Min Capacity: 8M
 Heap Initial Capacity: 124M
 Heap Max Capacity: 2G
 Pre-touch: Disabled
 Parallel Workers: 13
 Concurrent Workers: 3
 Concurrent Refinement Workers: 13
 Periodic GC: Disabled

Heap:
 garbage-first heap   total 224256K, used 72264K [0x0000000080000000, 0x0000000100000000)
  region size 1024K, 29 young (29696K), 5 survivors (5120K)
 Metaspace       used 47135K, committed 47616K, reserved 1114112K
  class space    used 6187K, committed 6400K, reserved 1048576K

Heap Regions: E=young(eden), S=young(survivor), O=old, HS=humongous(starts), HC=humongous(continues), CS=collection set, F=free, OA=open archive, CA=closed archive, TAMS=top-at-mark-start (previous, next)
|   0|0x0000000080000000, 0x0000000080100000, 0x0000000080100000|100%|HS|  |TAMS 0x0000000080100000, 0x0000000080100000| Complete 
|   1|0x0000000080100000, 0x0000000080200000, 0x0000000080200000|100%|HC|  |TAMS 0x0000000080200000, 0x0000000080200000| Complete 
|   2|0x0000000080200000, 0x0000000080300000, 0x0000000080300000|100%|HC|  |TAMS 0x0000000080300000, 0x0000000080300000| Complete 
|   3|0x0000000080300000, 0x0000000080400000, 0x0000000080400000|100%|HC|  |TAMS 0x0000000080400000, 0x0000000080400000| Complete 
|   4|0x0000000080400000, 0x0000000080500000, 0x0000000080500000|100%| O|  |TAMS 0x0000000080500000, 0x0000000080500000| Untracked 
|   5|0x0000000080500000, 0x0000000080600000, 0x0000000080600000|100%| O|  |TAMS 0x0000000080600000, 0x0000000080600000| Untracked 
|   6|0x0000000080600000, 0x0000000080700000, 0x0000000080700000|100%| O|  |TAMS 0x0000000080700000, 0x0000000080700000| Untracked 
|   7|0x0000000080700000, 0x0000000080800000, 0x0000000080800000|100%| O|  |TAMS 0x0000000080800000, 0x0000000080800000| Untracked 
|   8|0x0000000080800000, 0x0000000080900000, 0x0000000080900000|100%| O|  |TAMS 0x0000000080900000, 0x0000000080900000| Untracked 
|   9|0x0000000080900000, 0x0000000080a00000, 0x0000000080a00000|100%| O|  |TAMS 0x0000000080a00000, 0x0000000080a00000| Untracked 
|  10|0x0000000080a00000, 0x0000000080b00000, 0x0000000080b00000|100%| O|  |TAMS 0x0000000080b00000, 0x0000000080b00000| Untracked 
|  11|0x0000000080b00000, 0x0000000080c00000, 0x0000000080c00000|100%| O|  |TAMS 0x0000000080c00000, 0x0000000080c00000| Untracked 
|  12|0x0000000080c00000, 0x0000000080d00000, 0x0000000080d00000|100%| O|  |TAMS 0x0000000080d00000, 0x0000000080d00000| Untracked 
|  13|0x0000000080d00000, 0x0000000080e00000, 0x0000000080e00000|100%| O|  |TAMS 0x0000000080e00000, 0x0000000080e00000| Untracked 
|  14|0x0000000080e00000, 0x0000000080f00000, 0x0000000080f00000|100%| O|  |TAMS 0x0000000080f00000, 0x0000000080f00000| Untracked 
|  15|0x0000000080f00000, 0x0000000081000000, 0x0000000081000000|100%| O|  |TAMS 0x0000000081000000, 0x0000000081000000| Untracked 
|  16|0x0000000081000000, 0x0000000081100000, 0x0000000081100000|100%| O|  |TAMS 0x0000000081100000, 0x0000000081100000| Untracked 
|  17|0x0000000081100000, 0x0000000081200000, 0x0000000081200000|100%| O|  |TAMS 0x0000000081200000, 0x0000000081200000| Untracked 
|  18|0x0000000081200000, 0x0000000081300000, 0x0000000081300000|100%| O|  |TAMS 0x0000000081300000, 0x0000000081300000| Untracked 
|  19|0x0000000081300000, 0x0000000081400000, 0x0000000081400000|100%| O|  |TAMS 0x0000000081400000, 0x0000000081400000| Untracked 
|  20|0x0000000081400000, 0x0000000081400000, 0x0000000081500000|  0%| F|  |TAMS 0x0000000081400000, 0x0000000081400000| Untracked 
|  21|0x0000000081500000, 0x0000000081600000, 0x0000000081600000|100%|HS|  |TAMS 0x0000000081600000, 0x0000000081600000| Complete 
|  22|0x0000000081600000, 0x0000000081700000, 0x0000000081700000|100%|HC|  |TAMS 0x0000000081700000, 0x0000000081700000| Complete 
|  23|0x0000000081700000, 0x0000000081800000, 0x0000000081800000|100%|HS|  |TAMS 0x0000000081800000, 0x0000000081800000| Complete 
|  24|0x0000000081800000, 0x0000000081900000, 0x0000000081900000|100%|HC|  |TAMS 0x0000000081900000, 0x0000000081900000| Complete 
|  25|0x0000000081900000, 0x0000000081a00000, 0x0000000081a00000|100%|HC|  |TAMS 0x0000000081a00000, 0x0000000081a00000| Complete 
|  26|0x0000000081a00000, 0x0000000081b00000, 0x0000000081b00000|100%|HS|  |TAMS 0x0000000081b00000, 0x0000000081b00000| Complete 
|  27|0x0000000081b00000, 0x0000000081c00000, 0x0000000081c00000|100%|HC|  |TAMS 0x0000000081c00000, 0x0000000081c00000| Complete 
|  28|0x0000000081c00000, 0x0000000081d00000, 0x0000000081d00000|100%|HC|  |TAMS 0x0000000081d00000, 0x0000000081d00000| Complete 
|  29|0x0000000081d00000, 0x0000000081e00000, 0x0000000081e00000|100%|HS|  |TAMS 0x0000000081e00000, 0x0000000081e00000| Complete 
|  30|0x0000000081e00000, 0x0000000081f00000, 0x0000000081f00000|100%|HC|  |TAMS 0x0000000081f00000, 0x0000000081f00000| Complete 
|  31|0x0000000081f00000, 0x0000000082000000, 0x0000000082000000|100%|HC|  |TAMS 0x0000000082000000, 0x0000000082000000| Complete 
|  32|0x0000000082000000, 0x0000000082100000, 0x0000000082100000|100%| O|  |TAMS 0x0000000082100000, 0x0000000082100000| Untracked 
|  33|0x0000000082100000, 0x0000000082200000, 0x0000000082200000|100%| O|  |TAMS 0x00000000821c9600, 0x0000000082200000| Untracked 
|  34|0x0000000082200000, 0x0000000082300000, 0x0000000082300000|100%| O|  |TAMS 0x0000000082200000, 0x0000000082300000| Untracked 
|  35|0x0000000082300000, 0x0000000082400000, 0x0000000082400000|100%| O|  |TAMS 0x0000000082300000, 0x0000000082400000| Untracked 
|  36|0x0000000082400000, 0x0000000082500000, 0x0000000082500000|100%| O|  |TAMS 0x0000000082400000, 0x0000000082500000| Untracked 
|  37|0x0000000082500000, 0x0000000082600000, 0x0000000082600000|100%| O|  |TAMS 0x0000000082500000, 0x0000000082600000| Untracked 
|  38|0x0000000082600000, 0x0000000082700000, 0x0000000082700000|100%| O|  |TAMS 0x0000000082600000, 0x0000000082700000| Untracked 
|  39|0x0000000082700000, 0x0000000082800000, 0x0000000082800000|100%| O|  |TAMS 0x0000000082700000, 0x0000000082800000| Untracked 
|  40|0x0000000082800000, 0x0000000082900000, 0x0000000082900000|100%| O|  |TAMS 0x0000000082800000, 0x0000000082900000| Untracked 
|  41|0x0000000082900000, 0x000000008296a000, 0x0000000082a00000| 41%| O|  |TAMS 0x0000000082900000, 0x000000008296a000| Untracked 
|  42|0x0000000082a00000, 0x0000000082a00000, 0x0000000082b00000|  0%| F|  |TAMS 0x0000000082a00000, 0x0000000082a00000| Untracked 
|  43|0x0000000082b00000, 0x0000000082b00000, 0x0000000082c00000|  0%| F|  |TAMS 0x0000000082b00000, 0x0000000082b00000| Untracked 
|  44|0x0000000082c00000, 0x0000000082c00000, 0x0000000082d00000|  0%| F|  |TAMS 0x0000000082c00000, 0x0000000082c00000| Untracked 
|  45|0x0000000082d00000, 0x0000000082e00000, 0x0000000082e00000|100%|HS|  |TAMS 0x0000000082d00000, 0x0000000082d00000| Complete 
|  46|0x0000000082e00000, 0x0000000082f00000, 0x0000000082f00000|100%|HC|  |TAMS 0x0000000082e00000, 0x0000000082e00000| Complete 
|  47|0x0000000082f00000, 0x0000000083000000, 0x0000000083000000|100%|HC|  |TAMS 0x0000000082f00000, 0x0000000082f00000| Complete 
|  48|0x0000000083000000, 0x0000000083000000, 0x0000000083100000|  0%| F|  |TAMS 0x0000000083000000, 0x0000000083000000| Untracked 
|  49|0x0000000083100000, 0x0000000083100000, 0x0000000083200000|  0%| F|  |TAMS 0x0000000083100000, 0x0000000083100000| Untracked 
|  50|0x0000000083200000, 0x0000000083200000, 0x0000000083300000|  0%| F|  |TAMS 0x0000000083200000, 0x0000000083200000| Untracked 
|  51|0x0000000083300000, 0x0000000083300000, 0x0000000083400000|  0%| F|  |TAMS 0x0000000083300000, 0x0000000083300000| Untracked 
|  52|0x0000000083400000, 0x0000000083400000, 0x0000000083500000|  0%| F|  |TAMS 0x0000000083400000, 0x0000000083400000| Untracked 
|  53|0x0000000083500000, 0x0000000083500000, 0x0000000083600000|  0%| F|  |TAMS 0x0000000083500000, 0x0000000083500000| Untracked 
|  54|0x0000000083600000, 0x0000000083600000, 0x0000000083700000|  0%| F|  |TAMS 0x0000000083600000, 0x0000000083600000| Untracked 
|  55|0x0000000083700000, 0x0000000083700000, 0x0000000083800000|  0%| F|  |TAMS 0x0000000083700000, 0x0000000083700000| Untracked 
|  56|0x0000000083800000, 0x0000000083800000, 0x0000000083900000|  0%| F|  |TAMS 0x0000000083800000, 0x0000000083800000| Untracked 
|  57|0x0000000083900000, 0x0000000083900000, 0x0000000083a00000|  0%| F|  |TAMS 0x0000000083900000, 0x0000000083900000| Untracked 
|  58|0x0000000083a00000, 0x0000000083a00000, 0x0000000083b00000|  0%| F|  |TAMS 0x0000000083a00000, 0x0000000083a00000| Untracked 
|  59|0x0000000083b00000, 0x0000000083b00000, 0x0000000083c00000|  0%| F|  |TAMS 0x0000000083b00000, 0x0000000083b00000| Untracked 
|  60|0x0000000083c00000, 0x0000000083c00000, 0x0000000083d00000|  0%| F|  |TAMS 0x0000000083c00000, 0x0000000083c00000| Untracked 
|  61|0x0000000083d00000, 0x0000000083d00000, 0x0000000083e00000|  0%| F|  |TAMS 0x0000000083d00000, 0x0000000083d00000| Untracked 
|  62|0x0000000083e00000, 0x0000000083e00000, 0x0000000083f00000|  0%| F|  |TAMS 0x0000000083e00000, 0x0000000083e00000| Untracked 
|  63|0x0000000083f00000, 0x0000000083f00000, 0x0000000084000000|  0%| F|  |TAMS 0x0000000083f00000, 0x0000000083f00000| Untracked 
|  64|0x0000000084000000, 0x0000000084000000, 0x0000000084100000|  0%| F|  |TAMS 0x0000000084000000, 0x0000000084000000| Untracked 
|  65|0x0000000084100000, 0x0000000084100000, 0x0000000084200000|  0%| F|  |TAMS 0x0000000084100000, 0x0000000084100000| Untracked 
|  66|0x0000000084200000, 0x0000000084200000, 0x0000000084300000|  0%| F|  |TAMS 0x0000000084200000, 0x0000000084200000| Untracked 
|  67|0x0000000084300000, 0x0000000084300000, 0x0000000084400000|  0%| F|  |TAMS 0x0000000084300000, 0x0000000084300000| Untracked 
|  68|0x0000000084400000, 0x0000000084400000, 0x0000000084500000|  0%| F|  |TAMS 0x0000000084400000, 0x0000000084400000| Untracked 
|  69|0x0000000084500000, 0x0000000084500000, 0x0000000084600000|  0%| F|  |TAMS 0x0000000084500000, 0x0000000084500000| Untracked 
|  70|0x0000000084600000, 0x0000000084600000, 0x0000000084700000|  0%| F|  |TAMS 0x0000000084600000, 0x0000000084600000| Untracked 
|  71|0x0000000084700000, 0x0000000084700000, 0x0000000084800000|  0%| F|  |TAMS 0x0000000084700000, 0x0000000084700000| Untracked 
|  72|0x0000000084800000, 0x0000000084800000, 0x0000000084900000|  0%| F|  |TAMS 0x0000000084800000, 0x0000000084800000| Untracked 
|  73|0x0000000084900000, 0x0000000084900000, 0x0000000084a00000|  0%| F|  |TAMS 0x0000000084900000, 0x0000000084900000| Untracked 
|  74|0x0000000084a00000, 0x0000000084a00000, 0x0000000084b00000|  0%| F|  |TAMS 0x0000000084a00000, 0x0000000084a00000| Untracked 
|  75|0x0000000084b00000, 0x0000000084b00000, 0x0000000084c00000|  0%| F|  |TAMS 0x0000000084b00000, 0x0000000084b00000| Untracked 
|  76|0x0000000084c00000, 0x0000000084c00000, 0x0000000084d00000|  0%| F|  |TAMS 0x0000000084c00000, 0x0000000084c00000| Untracked 
|  77|0x0000000084d00000, 0x0000000084d00000, 0x0000000084e00000|  0%| F|  |TAMS 0x0000000084d00000, 0x0000000084d00000| Untracked 
|  78|0x0000000084e00000, 0x0000000084e00000, 0x0000000084f00000|  0%| F|  |TAMS 0x0000000084e00000, 0x0000000084e00000| Untracked 
|  79|0x0000000084f00000, 0x0000000084f00000, 0x0000000085000000|  0%| F|  |TAMS 0x0000000084f00000, 0x0000000084f00000| Untracked 
|  80|0x0000000085000000, 0x0000000085000000, 0x0000000085100000|  0%| F|  |TAMS 0x0000000085000000, 0x0000000085000000| Untracked 
|  81|0x0000000085100000, 0x0000000085100000, 0x0000000085200000|  0%| F|  |TAMS 0x0000000085100000, 0x0000000085100000| Untracked 
|  82|0x0000000085200000, 0x0000000085200000, 0x0000000085300000|  0%| F|  |TAMS 0x0000000085200000, 0x0000000085200000| Untracked 
|  83|0x0000000085300000, 0x0000000085300000, 0x0000000085400000|  0%| F|  |TAMS 0x0000000085300000, 0x0000000085300000| Untracked 
|  84|0x0000000085400000, 0x0000000085400000, 0x0000000085500000|  0%| F|  |TAMS 0x0000000085400000, 0x0000000085400000| Untracked 
|  85|0x0000000085500000, 0x0000000085500000, 0x0000000085600000|  0%| F|  |TAMS 0x0000000085500000, 0x0000000085500000| Untracked 
|  86|0x0000000085600000, 0x0000000085600000, 0x0000000085700000|  0%| F|  |TAMS 0x0000000085600000, 0x0000000085600000| Untracked 
|  87|0x0000000085700000, 0x0000000085700000, 0x0000000085800000|  0%| F|  |TAMS 0x0000000085700000, 0x0000000085700000| Untracked 
|  88|0x0000000085800000, 0x0000000085800000, 0x0000000085900000|  0%| F|  |TAMS 0x0000000085800000, 0x0000000085800000| Untracked 
|  89|0x0000000085900000, 0x0000000085900000, 0x0000000085a00000|  0%| F|  |TAMS 0x0000000085900000, 0x0000000085900000| Untracked 
|  90|0x0000000085a00000, 0x0000000085a00000, 0x0000000085b00000|  0%| F|  |TAMS 0x0000000085a00000, 0x0000000085a00000| Untracked 
|  91|0x0000000085b00000, 0x0000000085b00000, 0x0000000085c00000|  0%| F|  |TAMS 0x0000000085b00000, 0x0000000085b00000| Untracked 
|  92|0x0000000085c00000, 0x0000000085c00000, 0x0000000085d00000|  0%| F|  |TAMS 0x0000000085c00000, 0x0000000085c00000| Untracked 
|  93|0x0000000085d00000, 0x0000000085d00000, 0x0000000085e00000|  0%| F|  |TAMS 0x0000000085d00000, 0x0000000085d00000| Untracked 
|  94|0x0000000085e00000, 0x0000000085e00000, 0x0000000085f00000|  0%| F|  |TAMS 0x0000000085e00000, 0x0000000085e00000| Untracked 
|  95|0x0000000085f00000, 0x0000000085f00000, 0x0000000086000000|  0%| F|  |TAMS 0x0000000085f00000, 0x0000000085f00000| Untracked 
|  96|0x0000000086000000, 0x0000000086000000, 0x0000000086100000|  0%| F|  |TAMS 0x0000000086000000, 0x0000000086000000| Untracked 
|  97|0x0000000086100000, 0x0000000086100000, 0x0000000086200000|  0%| F|  |TAMS 0x0000000086100000, 0x0000000086100000| Untracked 
|  98|0x0000000086200000, 0x0000000086200000, 0x0000000086300000|  0%| F|  |TAMS 0x0000000086200000, 0x0000000086200000| Untracked 
|  99|0x0000000086300000, 0x0000000086300000, 0x0000000086400000|  0%| F|  |TAMS 0x0000000086300000, 0x0000000086300000| Untracked 
| 100|0x0000000086400000, 0x0000000086400000, 0x0000000086500000|  0%| F|  |TAMS 0x0000000086400000, 0x0000000086400000| Untracked 
| 101|0x0000000086500000, 0x0000000086500000, 0x0000000086600000|  0%| F|  |TAMS 0x0000000086500000, 0x0000000086500000| Untracked 
| 102|0x0000000086600000, 0x0000000086600000, 0x0000000086700000|  0%| F|  |TAMS 0x0000000086600000, 0x0000000086600000| Untracked 
| 103|0x0000000086700000, 0x0000000086700000, 0x0000000086800000|  0%| F|  |TAMS 0x0000000086700000, 0x0000000086700000| Untracked 
| 104|0x0000000086800000, 0x0000000086800000, 0x0000000086900000|  0%| F|  |TAMS 0x0000000086800000, 0x0000000086800000| Untracked 
| 105|0x0000000086900000, 0x0000000086900000, 0x0000000086a00000|  0%| F|  |TAMS 0x0000000086900000, 0x0000000086900000| Untracked 
| 106|0x0000000086a00000, 0x0000000086a00000, 0x0000000086b00000|  0%| F|  |TAMS 0x0000000086a00000, 0x0000000086a00000| Untracked 
| 107|0x0000000086b00000, 0x0000000086b00000, 0x0000000086c00000|  0%| F|  |TAMS 0x0000000086b00000, 0x0000000086b00000| Untracked 
| 108|0x0000000086c00000, 0x0000000086c00000, 0x0000000086d00000|  0%| F|  |TAMS 0x0000000086c00000, 0x0000000086c00000| Untracked 
| 109|0x0000000086d00000, 0x0000000086d00000, 0x0000000086e00000|  0%| F|  |TAMS 0x0000000086d00000, 0x0000000086d00000| Untracked 
| 110|0x0000000086e00000, 0x0000000086e00000, 0x0000000086f00000|  0%| F|  |TAMS 0x0000000086e00000, 0x0000000086e00000| Untracked 
| 111|0x0000000086f00000, 0x0000000086f00000, 0x0000000087000000|  0%| F|  |TAMS 0x0000000086f00000, 0x0000000086f00000| Untracked 
| 112|0x0000000087000000, 0x0000000087000000, 0x0000000087100000|  0%| F|  |TAMS 0x0000000087000000, 0x0000000087000000| Untracked 
| 113|0x0000000087100000, 0x0000000087100000, 0x0000000087200000|  0%| F|  |TAMS 0x0000000087100000, 0x0000000087100000| Untracked 
| 114|0x0000000087200000, 0x0000000087200000, 0x0000000087300000|  0%| F|  |TAMS 0x0000000087200000, 0x0000000087200000| Untracked 
| 115|0x0000000087300000, 0x0000000087300000, 0x0000000087400000|  0%| F|  |TAMS 0x0000000087300000, 0x0000000087300000| Untracked 
| 116|0x0000000087400000, 0x00000000874282f8, 0x0000000087500000| 15%| S|CS|TAMS 0x0000000087400000, 0x0000000087400000| Complete 
| 117|0x0000000087500000, 0x0000000087600000, 0x0000000087600000|100%| S|CS|TAMS 0x0000000087500000, 0x0000000087500000| Complete 
| 118|0x0000000087600000, 0x0000000087700000, 0x0000000087700000|100%| S|CS|TAMS 0x0000000087600000, 0x0000000087600000| Complete 
| 119|0x0000000087700000, 0x0000000087800000, 0x0000000087800000|100%| S|CS|TAMS 0x0000000087700000, 0x0000000087700000| Complete 
| 120|0x0000000087800000, 0x0000000087900000, 0x0000000087900000|100%| S|CS|TAMS 0x0000000087800000, 0x0000000087800000| Complete 
| 121|0x0000000087900000, 0x0000000087900000, 0x0000000087a00000|  0%| F|  |TAMS 0x0000000087900000, 0x0000000087900000| Untracked 
| 122|0x0000000087a00000, 0x0000000087a00000, 0x0000000087b00000|  0%| F|  |TAMS 0x0000000087a00000, 0x0000000087a00000| Untracked 
| 123|0x0000000087b00000, 0x0000000087b00000, 0x0000000087c00000|  0%| F|  |TAMS 0x0000000087b00000, 0x0000000087b00000| Untracked 
| 124|0x0000000087c00000, 0x0000000087c00000, 0x0000000087d00000|  0%| F|  |TAMS 0x0000000087c00000, 0x0000000087c00000| Untracked 
| 125|0x0000000087d00000, 0x0000000087d00000, 0x0000000087e00000|  0%| F|  |TAMS 0x0000000087d00000, 0x0000000087d00000| Untracked 
| 126|0x0000000087e00000, 0x0000000087e00000, 0x0000000087f00000|  0%| F|  |TAMS 0x0000000087e00000, 0x0000000087e00000| Untracked 
| 127|0x0000000087f00000, 0x0000000087f00000, 0x0000000088000000|  0%| F|  |TAMS 0x0000000087f00000, 0x0000000087f00000| Untracked 
| 128|0x0000000088000000, 0x0000000088000000, 0x0000000088100000|  0%| F|  |TAMS 0x0000000088000000, 0x0000000088000000| Untracked 
| 129|0x0000000088100000, 0x0000000088100000, 0x0000000088200000|  0%| F|  |TAMS 0x0000000088100000, 0x0000000088100000| Untracked 
| 130|0x0000000088200000, 0x0000000088200000, 0x0000000088300000|  0%| F|  |TAMS 0x0000000088200000, 0x0000000088200000| Untracked 
| 131|0x0000000088300000, 0x0000000088300000, 0x0000000088400000|  0%| F|  |TAMS 0x0000000088300000, 0x0000000088300000| Untracked 
| 132|0x0000000088400000, 0x0000000088400000, 0x0000000088500000|  0%| F|  |TAMS 0x0000000088400000, 0x0000000088400000| Untracked 
| 133|0x0000000088500000, 0x0000000088500000, 0x0000000088600000|  0%| F|  |TAMS 0x0000000088500000, 0x0000000088500000| Untracked 
| 134|0x0000000088600000, 0x0000000088600000, 0x0000000088700000|  0%| F|  |TAMS 0x0000000088600000, 0x0000000088600000| Untracked 
| 135|0x0000000088700000, 0x0000000088700000, 0x0000000088800000|  0%| F|  |TAMS 0x0000000088700000, 0x0000000088700000| Untracked 
| 136|0x0000000088800000, 0x0000000088800000, 0x0000000088900000|  0%| F|  |TAMS 0x0000000088800000, 0x0000000088800000| Untracked 
| 137|0x0000000088900000, 0x0000000088900000, 0x0000000088a00000|  0%| F|  |TAMS 0x0000000088900000, 0x0000000088900000| Untracked 
| 138|0x0000000088a00000, 0x0000000088a00000, 0x0000000088b00000|  0%| F|  |TAMS 0x0000000088a00000, 0x0000000088a00000| Untracked 
| 139|0x0000000088b00000, 0x0000000088b00000, 0x0000000088c00000|  0%| F|  |TAMS 0x0000000088b00000, 0x0000000088b00000| Untracked 
| 140|0x0000000088c00000, 0x0000000088c00000, 0x0000000088d00000|  0%| F|  |TAMS 0x0000000088c00000, 0x0000000088c00000| Untracked 
| 141|0x0000000088d00000, 0x0000000088d00000, 0x0000000088e00000|  0%| F|  |TAMS 0x0000000088d00000, 0x0000000088d00000| Untracked 
| 142|0x0000000088e00000, 0x0000000088e00000, 0x0000000088f00000|  0%| F|  |TAMS 0x0000000088e00000, 0x0000000088e00000| Untracked 
| 143|0x0000000088f00000, 0x0000000088f00000, 0x0000000089000000|  0%| F|  |TAMS 0x0000000088f00000, 0x0000000088f00000| Untracked 
| 144|0x0000000089000000, 0x0000000089000000, 0x0000000089100000|  0%| F|  |TAMS 0x0000000089000000, 0x0000000089000000| Untracked 
| 145|0x0000000089100000, 0x0000000089100000, 0x0000000089200000|  0%| F|  |TAMS 0x0000000089100000, 0x0000000089100000| Untracked 
| 146|0x0000000089200000, 0x0000000089200000, 0x0000000089300000|  0%| F|  |TAMS 0x0000000089200000, 0x0000000089200000| Untracked 
| 147|0x0000000089300000, 0x0000000089300000, 0x0000000089400000|  0%| F|  |TAMS 0x0000000089300000, 0x0000000089300000| Untracked 
| 148|0x0000000089400000, 0x0000000089400000, 0x0000000089500000|  0%| F|  |TAMS 0x0000000089400000, 0x0000000089400000| Untracked 
| 149|0x0000000089500000, 0x0000000089500000, 0x0000000089600000|  0%| F|  |TAMS 0x0000000089500000, 0x0000000089500000| Untracked 
| 150|0x0000000089600000, 0x0000000089600000, 0x0000000089700000|  0%| F|  |TAMS 0x0000000089600000, 0x0000000089600000| Untracked 
| 151|0x0000000089700000, 0x0000000089700000, 0x0000000089800000|  0%| F|  |TAMS 0x0000000089700000, 0x0000000089700000| Untracked 
| 152|0x0000000089800000, 0x0000000089800000, 0x0000000089900000|  0%| F|  |TAMS 0x0000000089800000, 0x0000000089800000| Untracked 
| 153|0x0000000089900000, 0x0000000089900000, 0x0000000089a00000|  0%| F|  |TAMS 0x0000000089900000, 0x0000000089900000| Untracked 
| 154|0x0000000089a00000, 0x0000000089a00000, 0x0000000089b00000|  0%| F|  |TAMS 0x0000000089a00000, 0x0000000089a00000| Untracked 
| 155|0x0000000089b00000, 0x0000000089b00000, 0x0000000089c00000|  0%| F|  |TAMS 0x0000000089b00000, 0x0000000089b00000| Untracked 
| 156|0x0000000089c00000, 0x0000000089c00000, 0x0000000089d00000|  0%| F|  |TAMS 0x0000000089c00000, 0x0000000089c00000| Untracked 
| 157|0x0000000089d00000, 0x0000000089d00000, 0x0000000089e00000|  0%| F|  |TAMS 0x0000000089d00000, 0x0000000089d00000| Untracked 
| 158|0x0000000089e00000, 0x0000000089e00000, 0x0000000089f00000|  0%| F|  |TAMS 0x0000000089e00000, 0x0000000089e00000| Untracked 
| 159|0x0000000089f00000, 0x0000000089f00000, 0x000000008a000000|  0%| F|  |TAMS 0x0000000089f00000, 0x0000000089f00000| Untracked 
| 160|0x000000008a000000, 0x000000008a000000, 0x000000008a100000|  0%| F|  |TAMS 0x000000008a000000, 0x000000008a000000| Untracked 
| 161|0x000000008a100000, 0x000000008a100000, 0x000000008a200000|  0%| F|  |TAMS 0x000000008a100000, 0x000000008a100000| Untracked 
| 162|0x000000008a200000, 0x000000008a200000, 0x000000008a300000|  0%| F|  |TAMS 0x000000008a200000, 0x000000008a200000| Untracked 
| 163|0x000000008a300000, 0x000000008a300000, 0x000000008a400000|  0%| F|  |TAMS 0x000000008a300000, 0x000000008a300000| Untracked 
| 164|0x000000008a400000, 0x000000008a400000, 0x000000008a500000|  0%| F|  |TAMS 0x000000008a400000, 0x000000008a400000| Untracked 
| 165|0x000000008a500000, 0x000000008a500000, 0x000000008a600000|  0%| F|  |TAMS 0x000000008a500000, 0x000000008a500000| Untracked 
| 166|0x000000008a600000, 0x000000008a600000, 0x000000008a700000|  0%| F|  |TAMS 0x000000008a600000, 0x000000008a600000| Untracked 
| 167|0x000000008a700000, 0x000000008a700000, 0x000000008a800000|  0%| F|  |TAMS 0x000000008a700000, 0x000000008a700000| Untracked 
| 168|0x000000008a800000, 0x000000008a800000, 0x000000008a900000|  0%| F|  |TAMS 0x000000008a800000, 0x000000008a800000| Untracked 
| 169|0x000000008a900000, 0x000000008a900000, 0x000000008aa00000|  0%| F|  |TAMS 0x000000008a900000, 0x000000008a900000| Untracked 
| 170|0x000000008aa00000, 0x000000008aa00000, 0x000000008ab00000|  0%| F|  |TAMS 0x000000008aa00000, 0x000000008aa00000| Untracked 
| 171|0x000000008ab00000, 0x000000008ab00000, 0x000000008ac00000|  0%| F|  |TAMS 0x000000008ab00000, 0x000000008ab00000| Untracked 
| 172|0x000000008ac00000, 0x000000008ac00000, 0x000000008ad00000|  0%| F|  |TAMS 0x000000008ac00000, 0x000000008ac00000| Untracked 
| 173|0x000000008ad00000, 0x000000008ad00000, 0x000000008ae00000|  0%| F|  |TAMS 0x000000008ad00000, 0x000000008ad00000| Untracked 
| 174|0x000000008ae00000, 0x000000008ae00000, 0x000000008af00000|  0%| F|  |TAMS 0x000000008ae00000, 0x000000008ae00000| Untracked 
| 175|0x000000008af00000, 0x000000008af00000, 0x000000008b000000|  0%| F|  |TAMS 0x000000008af00000, 0x000000008af00000| Untracked 
| 176|0x000000008b000000, 0x000000008b000000, 0x000000008b100000|  0%| F|  |TAMS 0x000000008b000000, 0x000000008b000000| Untracked 
| 177|0x000000008b100000, 0x000000008b100000, 0x000000008b200000|  0%| F|  |TAMS 0x000000008b100000, 0x000000008b100000| Untracked 
| 178|0x000000008b200000, 0x000000008b200000, 0x000000008b300000|  0%| F|  |TAMS 0x000000008b200000, 0x000000008b200000| Untracked 
| 179|0x000000008b300000, 0x000000008b300000, 0x000000008b400000|  0%| F|  |TAMS 0x000000008b300000, 0x000000008b300000| Untracked 
| 180|0x000000008b400000, 0x000000008b400000, 0x000000008b500000|  0%| F|  |TAMS 0x000000008b400000, 0x000000008b400000| Untracked 
| 181|0x000000008b500000, 0x000000008b500000, 0x000000008b600000|  0%| F|  |TAMS 0x000000008b500000, 0x000000008b500000| Untracked 
| 182|0x000000008b600000, 0x000000008b600000, 0x000000008b700000|  0%| F|  |TAMS 0x000000008b600000, 0x000000008b600000| Untracked 
| 183|0x000000008b700000, 0x000000008b700000, 0x000000008b800000|  0%| F|  |TAMS 0x000000008b700000, 0x000000008b700000| Untracked 
| 184|0x000000008b800000, 0x000000008b800000, 0x000000008b900000|  0%| F|  |TAMS 0x000000008b800000, 0x000000008b800000| Untracked 
| 185|0x000000008b900000, 0x000000008b900000, 0x000000008ba00000|  0%| F|  |TAMS 0x000000008b900000, 0x000000008b900000| Untracked 
| 186|0x000000008ba00000, 0x000000008ba00000, 0x000000008bb00000|  0%| F|  |TAMS 0x000000008ba00000, 0x000000008ba00000| Untracked 
| 187|0x000000008bb00000, 0x000000008bb00000, 0x000000008bc00000|  0%| F|  |TAMS 0x000000008bb00000, 0x000000008bb00000| Untracked 
| 188|0x000000008bc00000, 0x000000008bc00000, 0x000000008bd00000|  0%| F|  |TAMS 0x000000008bc00000, 0x000000008bc00000| Untracked 
| 189|0x000000008bd00000, 0x000000008bd00000, 0x000000008be00000|  0%| F|  |TAMS 0x000000008bd00000, 0x000000008bd00000| Untracked 
| 190|0x000000008be00000, 0x000000008be00000, 0x000000008bf00000|  0%| F|  |TAMS 0x000000008be00000, 0x000000008be00000| Untracked 
| 191|0x000000008bf00000, 0x000000008bf00000, 0x000000008c000000|  0%| F|  |TAMS 0x000000008bf00000, 0x000000008bf00000| Untracked 
| 192|0x000000008c000000, 0x000000008c000000, 0x000000008c100000|  0%| F|  |TAMS 0x000000008c000000, 0x000000008c000000| Untracked 
| 193|0x000000008c100000, 0x000000008c200000, 0x000000008c200000|100%| E|  |TAMS 0x000000008c100000, 0x000000008c100000| Complete 
| 194|0x000000008c200000, 0x000000008c300000, 0x000000008c300000|100%| E|CS|TAMS 0x000000008c200000, 0x000000008c200000| Complete 
| 195|0x000000008c300000, 0x000000008c400000, 0x000000008c400000|100%| E|CS|TAMS 0x000000008c300000, 0x000000008c300000| Complete 
| 196|0x000000008c400000, 0x000000008c500000, 0x000000008c500000|100%| E|CS|TAMS 0x000000008c400000, 0x000000008c400000| Complete 
| 197|0x000000008c500000, 0x000000008c600000, 0x000000008c600000|100%| E|CS|TAMS 0x000000008c500000, 0x000000008c500000| Complete 
| 198|0x000000008c600000, 0x000000008c700000, 0x000000008c700000|100%| E|CS|TAMS 0x000000008c600000, 0x000000008c600000| Complete 
| 199|0x000000008c700000, 0x000000008c800000, 0x000000008c800000|100%| E|CS|TAMS 0x000000008c700000, 0x000000008c700000| Complete 
| 200|0x000000008c800000, 0x000000008c900000, 0x000000008c900000|100%| E|CS|TAMS 0x000000008c800000, 0x000000008c800000| Complete 
| 201|0x000000008c900000, 0x000000008ca00000, 0x000000008ca00000|100%| E|CS|TAMS 0x000000008c900000, 0x000000008c900000| Complete 
| 202|0x000000008ca00000, 0x000000008cb00000, 0x000000008cb00000|100%| E|CS|TAMS 0x000000008ca00000, 0x000000008ca00000| Complete 
| 203|0x000000008cb00000, 0x000000008cc00000, 0x000000008cc00000|100%| E|CS|TAMS 0x000000008cb00000, 0x000000008cb00000| Complete 
| 204|0x000000008cc00000, 0x000000008cd00000, 0x000000008cd00000|100%| E|CS|TAMS 0x000000008cc00000, 0x000000008cc00000| Complete 
| 205|0x000000008cd00000, 0x000000008ce00000, 0x000000008ce00000|100%| E|CS|TAMS 0x000000008cd00000, 0x000000008cd00000| Complete 
| 206|0x000000008ce00000, 0x000000008cf00000, 0x000000008cf00000|100%| E|CS|TAMS 0x000000008ce00000, 0x000000008ce00000| Complete 
| 207|0x000000008cf00000, 0x000000008d000000, 0x000000008d000000|100%| E|CS|TAMS 0x000000008cf00000, 0x000000008cf00000| Complete 
| 208|0x000000008d000000, 0x000000008d100000, 0x000000008d100000|100%| E|CS|TAMS 0x000000008d000000, 0x000000008d000000| Complete 
| 209|0x000000008d100000, 0x000000008d200000, 0x000000008d200000|100%| E|CS|TAMS 0x000000008d100000, 0x000000008d100000| Complete 
| 210|0x000000008d200000, 0x000000008d300000, 0x000000008d300000|100%| E|CS|TAMS 0x000000008d200000, 0x000000008d200000| Complete 
| 211|0x000000008d300000, 0x000000008d400000, 0x000000008d400000|100%| E|CS|TAMS 0x000000008d300000, 0x000000008d300000| Complete 
| 212|0x000000008d400000, 0x000000008d500000, 0x000000008d500000|100%| E|CS|TAMS 0x000000008d400000, 0x000000008d400000| Complete 
| 213|0x000000008d500000, 0x000000008d600000, 0x000000008d600000|100%| E|CS|TAMS 0x000000008d500000, 0x000000008d500000| Complete 
| 214|0x000000008d600000, 0x000000008d700000, 0x000000008d700000|100%| E|CS|TAMS 0x000000008d600000, 0x000000008d600000| Complete 
| 215|0x000000008d700000, 0x000000008d800000, 0x000000008d800000|100%| E|CS|TAMS 0x000000008d700000, 0x000000008d700000| Complete 
| 216|0x000000008d800000, 0x000000008d900000, 0x000000008d900000|100%| E|CS|TAMS 0x000000008d800000, 0x000000008d800000| Complete 
| 217|0x000000008d900000, 0x000000008da00000, 0x000000008da00000|100%| E|CS|TAMS 0x000000008d900000, 0x000000008d900000| Complete 
| 218|0x000000008da00000, 0x000000008db00000, 0x000000008db00000|100%| E|CS|TAMS 0x000000008da00000, 0x000000008da00000| Complete 

Card table byte_map: [0x0000028bff6f0000,0x0000028bffaf0000] _byte_map_base: 0x0000028bff2f0000

Marking Bits (Prev, Next): (CMBitMap*) 0x0000028bfb625d60, (CMBitMap*) 0x0000028bfb625da0
 Prev Bits: [0x0000028b8f000000, 0x0000028b91000000)
 Next Bits: [0x0000028b91000000, 0x0000028b93000000)

Polling page: 0x0000028bfad50000

Metaspace:

Usage:
  Non-class:     39.99 MB used.
      Class:      6.04 MB used.
       Both:     46.03 MB used.

Virtual space:
  Non-class space:       64.00 MB reserved,      40.25 MB ( 63%) committed,  1 nodes.
      Class space:        1.00 GB reserved,       6.25 MB ( <1%) committed,  1 nodes.
             Both:        1.06 GB reserved,      46.50 MB (  4%) committed. 

Chunk freelists:
   Non-Class:  7.61 MB
       Class:  9.61 MB
        Both:  17.22 MB

MaxMetaspaceSize: unlimited
CompressedClassSpaceSize: 1.00 GB
Initial GC threshold: 21.00 MB
Current GC threshold: 58.69 MB
CDS: off
MetaspaceReclaimPolicy: balanced
 - commit_granule_bytes: 65536.
 - commit_granule_words: 8192.
 - virtual_space_node_default_size: 8388608.
 - enlarge_chunks_in_place: 1.
 - new_chunks_are_fully_committed: 0.
 - uncommit_free_chunks: 1.
 - use_allocation_guard: 0.
 - handle_deallocations: 1.


Internal statistics:

num_allocs_failed_limit: 6.
num_arena_births: 418.
num_arena_deaths: 0.
num_vsnodes_births: 2.
num_vsnodes_deaths: 0.
num_space_committed: 744.
num_space_uncommitted: 0.
num_chunks_returned_to_freelist: 6.
num_chunks_taken_from_freelist: 1858.
num_chunk_merges: 6.
num_chunk_splits: 1209.
num_chunks_enlarged: 823.
num_inconsistent_stats: 0.

CodeHeap 'non-profiled nmethods': size=119168Kb used=2879Kb max_used=2879Kb free=116288Kb
 bounds [0x0000028b87ba0000, 0x0000028b87e70000, 0x0000028b8f000000]
CodeHeap 'profiled nmethods': size=119104Kb used=10168Kb max_used=10168Kb free=108935Kb
 bounds [0x0000028b80000000, 0x0000028b809f0000, 0x0000028b87450000]
CodeHeap 'non-nmethods': size=7488Kb used=3984Kb max_used=4039Kb free=3503Kb
 bounds [0x0000028b87450000, 0x0000028b87850000, 0x0000028b87ba0000]
 total_blobs=5602 nmethods=4792 adapters=718
 compilation: enabled
              stopped_count=0, restarted_count=0
 full_count=0

Compilation events (20 events):
Event: 3.953 Thread 0x0000028b96301940 4859       3       org.objectweb.asm.AnnotationWriter::putParameterAnnotations (173 bytes)
Event: 3.953 Thread 0x0000028b96301940 nmethod 4859 0x0000028b809e8910 code [0x0000028b809e8b40, 0x0000028b809e91e8]
Event: 3.956 Thread 0x0000028b96301940 4860       2       org.gradle.internal.classpath.InstrumentingTransformer$InstrumentingMethodVisitor::visitInvokeDynamicInsn (172 bytes)
Event: 3.956 Thread 0x0000028b9ca90010 4861       2       org.gradle.internal.classpath.InstrumentingTransformer::access$7900 (4 bytes)
Event: 3.956 Thread 0x0000028b96309e90 4862       2       org.gradle.internal.classpath.InstrumentingTransformer$LambdaFactoryDetails::<init> (26 bytes)
Event: 3.956 Thread 0x0000028b96182c90 4863       2       org.gradle.internal.classpath.InstrumentingTransformer$InstrumentingVisitor::addSerializedLambda (12 bytes)
Event: 3.956 Thread 0x0000028b9ca90010 nmethod 4861 0x0000028b809e9610 code [0x0000028b809e97a0, 0x0000028b809e9898]
Event: 3.957 Thread 0x0000028b96182c90 nmethod 4863 0x0000028b809e9910 code [0x0000028b809e9aa0, 0x0000028b809e9bc8]
Event: 3.957 Thread 0x0000028b96182c90 4864       2       org.gradle.model.internal.asm.MethodVisitorScope::_INVOKEDYNAMIC (15 bytes)
Event: 3.957 Thread 0x0000028b9ca90010 4865       2       org.gradle.model.internal.asm.MethodVisitorScope::_F_SAME (16 bytes)
Event: 3.957 Thread 0x0000028b96309e90 nmethod 4862 0x0000028b809e9c90 code [0x0000028b809e9e20, 0x0000028b809ea098]
Event: 3.959 Thread 0x0000028b96182c90 nmethod 4864 0x0000028b809ea110 code [0x0000028b809ea2c0, 0x0000028b809ea438]
Event: 3.959 Thread 0x0000028b9ca90010 nmethod 4865 0x0000028b809ea510 code [0x0000028b809ea6c0, 0x0000028b809ea928]
Event: 3.959 Thread 0x0000028b96301940 nmethod 4860 0x0000028b809eaa10 code [0x0000028b809eacc0, 0x0000028b809eb7f8]
Event: 3.977 Thread 0x0000028b9ca90010 4870       2       org.objectweb.asm.ClassReader::readElementValues (88 bytes)
Event: 3.978 Thread 0x0000028b9ca90010 nmethod 4870 0x0000028b809ebd10 code [0x0000028b809ebf00, 0x0000028b809ec278]
Event: 3.978 Thread 0x0000028b9ca90010 4871       3       org.objectweb.asm.Type::hashCode (68 bytes)
Event: 3.979 Thread 0x0000028b9ca90010 nmethod 4871 0x0000028b809ec510 code [0x0000028b809ec720, 0x0000028b809ece58]
Event: 3.988 Thread 0x0000028b96309e90 4873 %     3       org.objectweb.asm.MethodWriter::visitTableSwitchInsn @ 78 (120 bytes)
Event: 3.989 Thread 0x0000028b96309e90 nmethod 4873% 0x0000028b809ed190 code [0x0000028b809ed3c0, 0x0000028b809ed968]

GC Heap History (20 events):
Event: 1.633 GC heap before
{Heap before GC invocations=2 (full 0):
 garbage-first heap   total 126976K, used 49294K [0x0000000080000000, 0x0000000100000000)
  region size 1024K, 41 young (41984K), 4 survivors (4096K)
 Metaspace       used 21271K, committed 21504K, reserved 1114112K
  class space    used 2502K, committed 2560K, reserved 1048576K
}
Event: 1.640 GC heap after
{Heap after GC invocations=3 (full 0):
 garbage-first heap   total 126976K, used 18571K [0x0000000080000000, 0x0000000100000000)
  region size 1024K, 9 young (9216K), 9 survivors (9216K)
 Metaspace       used 21271K, committed 21504K, reserved 1114112K
  class space    used 2502K, committed 2560K, reserved 1048576K
}
Event: 2.066 GC heap before
{Heap before GC invocations=4 (full 0):
 garbage-first heap   total 68608K, used 50315K [0x0000000080000000, 0x0000000100000000)
  region size 1024K, 40 young (40960K), 9 survivors (9216K)
 Metaspace       used 26346K, committed 26624K, reserved 1114112K
  class space    used 3404K, committed 3520K, reserved 1048576K
}
Event: 2.072 GC heap after
{Heap after GC invocations=5 (full 0):
 garbage-first heap   total 68608K, used 20446K [0x0000000080000000, 0x0000000100000000)
  region size 1024K, 3 young (3072K), 3 survivors (3072K)
 Metaspace       used 26346K, committed 26624K, reserved 1114112K
  class space    used 3404K, committed 3520K, reserved 1048576K
}
Event: 2.090 GC heap before
{Heap before GC invocations=5 (full 0):
 garbage-first heap   total 68608K, used 20446K [0x0000000080000000, 0x0000000100000000)
  region size 1024K, 4 young (4096K), 3 survivors (3072K)
 Metaspace       used 26498K, committed 26816K, reserved 1114112K
  class space    used 3422K, committed 3584K, reserved 1048576K
}
Event: 2.093 GC heap after
{Heap after GC invocations=6 (full 0):
 garbage-first heap   total 68608K, used 20038K [0x0000000080000000, 0x0000000100000000)
  region size 1024K, 1 young (1024K), 1 survivors (1024K)
 Metaspace       used 26498K, committed 26816K, reserved 1114112K
  class space    used 3422K, committed 3584K, reserved 1048576K
}
Event: 2.392 GC heap before
{Heap before GC invocations=6 (full 0):
 garbage-first heap   total 68608K, used 50758K [0x0000000080000000, 0x0000000100000000)
  region size 1024K, 25 young (25600K), 1 survivors (1024K)
 Metaspace       used 29836K, committed 30144K, reserved 1114112K
  class space    used 4004K, committed 4160K, reserved 1048576K
}
Event: 2.395 GC heap after
{Heap after GC invocations=7 (full 0):
 garbage-first heap   total 101376K, used 31558K [0x0000000080000000, 0x0000000100000000)
  region size 1024K, 4 young (4096K), 4 survivors (4096K)
 Metaspace       used 29836K, committed 30144K, reserved 1114112K
  class space    used 4004K, committed 4160K, reserved 1048576K
}
Event: 2.832 GC heap before
{Heap before GC invocations=7 (full 0):
 garbage-first heap   total 101376K, used 73542K [0x0000000080000000, 0x0000000100000000)
  region size 1024K, 42 young (43008K), 4 survivors (4096K)
 Metaspace       used 35208K, committed 35584K, reserved 1114112K
  class space    used 4852K, committed 4992K, reserved 1048576K
}
Event: 2.835 GC heap after
{Heap after GC invocations=8 (full 0):
 garbage-first heap   total 101376K, used 37489K [0x0000000080000000, 0x0000000100000000)
  region size 1024K, 3 young (3072K), 3 survivors (3072K)
 Metaspace       used 35208K, committed 35584K, reserved 1114112K
  class space    used 4852K, committed 4992K, reserved 1048576K
}
Event: 2.864 GC heap before
{Heap before GC invocations=8 (full 0):
 garbage-first heap   total 101376K, used 38513K [0x0000000080000000, 0x0000000100000000)
  region size 1024K, 5 young (5120K), 3 survivors (3072K)
 Metaspace       used 35668K, committed 35968K, reserved 1114112K
  class space    used 4904K, committed 5056K, reserved 1048576K
}
Event: 2.866 GC heap after
{Heap after GC invocations=9 (full 0):
 garbage-first heap   total 101376K, used 37954K [0x0000000080000000, 0x0000000100000000)
  region size 1024K, 1 young (1024K), 1 survivors (1024K)
 Metaspace       used 35668K, committed 35968K, reserved 1114112K
  class space    used 4904K, committed 5056K, reserved 1048576K
}
Event: 3.220 GC heap before
{Heap before GC invocations=10 (full 0):
 garbage-first heap   total 101376K, used 74818K [0x0000000080000000, 0x0000000100000000)
  region size 1024K, 38 young (38912K), 1 survivors (1024K)
 Metaspace       used 41956K, committed 42304K, reserved 1114112K
  class space    used 5575K, committed 5760K, reserved 1048576K
}
Event: 3.224 GC heap after
{Heap after GC invocations=11 (full 0):
 garbage-first heap   total 101376K, used 42917K [0x0000000080000000, 0x0000000100000000)
  region size 1024K, 5 young (5120K), 5 survivors (5120K)
 Metaspace       used 41956K, committed 42304K, reserved 1114112K
  class space    used 5575K, committed 5760K, reserved 1048576K
}
Event: 3.227 GC heap before
{Heap before GC invocations=11 (full 0):
 garbage-first heap   total 101376K, used 43941K [0x0000000080000000, 0x0000000100000000)
  region size 1024K, 6 young (6144K), 5 survivors (5120K)
 Metaspace       used 41963K, committed 42368K, reserved 1114112K
  class space    used 5576K, committed 5760K, reserved 1048576K
}
Event: 3.231 GC heap after
{Heap after GC invocations=12 (full 0):
 garbage-first heap   total 101376K, used 41699K [0x0000000080000000, 0x0000000100000000)
  region size 1024K, 1 young (1024K), 1 survivors (1024K)
 Metaspace       used 41963K, committed 42368K, reserved 1114112K
  class space    used 5576K, committed 5760K, reserved 1048576K
}
Event: 3.644 GC heap before
{Heap before GC invocations=12 (full 0):
 garbage-first heap   total 101376K, used 77539K [0x0000000080000000, 0x0000000100000000)
  region size 1024K, 35 young (35840K), 1 survivors (1024K)
 Metaspace       used 46642K, committed 47040K, reserved 1114112K
  class space    used 6162K, committed 6336K, reserved 1048576K
}
Event: 3.647 GC heap after
{Heap after GC invocations=13 (full 0):
 garbage-first heap   total 224256K, used 44198K [0x0000000080000000, 0x0000000100000000)
  region size 1024K, 3 young (3072K), 3 survivors (3072K)
 Metaspace       used 46642K, committed 47040K, reserved 1114112K
  class space    used 6162K, committed 6336K, reserved 1048576K
}
Event: 3.947 GC heap before
{Heap before GC invocations=13 (full 0):
 garbage-first heap   total 224256K, used 151718K [0x0000000080000000, 0x0000000100000000)
  region size 1024K, 101 young (103424K), 3 survivors (3072K)
 Metaspace       used 47131K, committed 47616K, reserved 1114112K
  class space    used 6187K, committed 6400K, reserved 1048576K
}
Event: 3.951 GC heap after
{Heap after GC invocations=14 (full 0):
 garbage-first heap   total 224256K, used 48712K [0x0000000080000000, 0x0000000100000000)
  region size 1024K, 5 young (5120K), 5 survivors (5120K)
 Metaspace       used 47131K, committed 47616K, reserved 1114112K
  class space    used 6187K, committed 6400K, reserved 1048576K
}

Dll operation events (2 events):
Event: 0.014 Loaded shared library C:\Program Files\Android\Android Studio\jbr\bin\java.dll
Event: 0.373 Loaded shared library C:\Program Files\Android\Android Studio\jbr\bin\verify.dll

Deoptimization events (20 events):
Event: 3.693 Thread 0x0000028b9dda8ab0 DEOPT PACKING pc=0x0000028b809098fe sp=0x000000d440ffe560
Event: 3.693 Thread 0x0000028b9dda8ab0 DEOPT UNPACKING pc=0x0000028b874a7143 sp=0x000000d440ffd9d0 mode 0
Event: 3.695 Thread 0x0000028b9dda8ab0 DEOPT PACKING pc=0x0000028b809098fe sp=0x000000d440ffe290
Event: 3.695 Thread 0x0000028b9dda8ab0 DEOPT UNPACKING pc=0x0000028b874a7143 sp=0x000000d440ffd700 mode 0
Event: 3.695 Thread 0x0000028b9dda2a80 DEOPT PACKING pc=0x0000028b809098fe sp=0x000000d4413fe4f0
Event: 3.695 Thread 0x0000028b9dda2a80 DEOPT UNPACKING pc=0x0000028b874a7143 sp=0x000000d4413fd960 mode 0
Event: 3.696 Thread 0x0000028b9dda8ab0 DEOPT PACKING pc=0x0000028b809098fe sp=0x000000d440ffe170
Event: 3.696 Thread 0x0000028b9dda8ab0 DEOPT UNPACKING pc=0x0000028b874a7143 sp=0x000000d440ffd5e0 mode 0
Event: 3.697 Thread 0x0000028b9dda2a80 DEOPT PACKING pc=0x0000028b809098fe sp=0x000000d4413fe4f0
Event: 3.697 Thread 0x0000028b9dda2a80 DEOPT UNPACKING pc=0x0000028b874a7143 sp=0x000000d4413fd960 mode 0
Event: 3.793 Thread 0x0000028b9dda8ab0 Uncommon trap: trap_request=0xffffff45 fr.pc=0x0000028b87e4b70c relative=0x0000000000000f4c
Event: 3.793 Thread 0x0000028b9dda8ab0 Uncommon trap: reason=unstable_if action=reinterpret pc=0x0000028b87e4b70c method=org.gradle.api.internal.file.archive.impl.FileZipInput$1.computeNext()Lorg/gradle/api/internal/file/archive/ZipEntry; @ 12 c2
Event: 3.793 Thread 0x0000028b9dda8ab0 DEOPT PACKING pc=0x0000028b87e4b70c sp=0x000000d440ffebe0
Event: 3.793 Thread 0x0000028b9dda8ab0 DEOPT UNPACKING pc=0x0000028b874a69a3 sp=0x000000d440ffeaf8 mode 2
Event: 3.976 Thread 0x0000028b9dda2a80 Uncommon trap: trap_request=0xffffff45 fr.pc=0x0000028b87e6ea5c relative=0x000000000000105c
Event: 3.976 Thread 0x0000028b9dda2a80 Uncommon trap: reason=unstable_if action=reinterpret pc=0x0000028b87e6ea5c method=org.objectweb.asm.ClassReader.readElementValues(Lorg/objectweb/asm/AnnotationVisitor;IZ[C)I @ 78 c2
Event: 3.976 Thread 0x0000028b9dda2a80 DEOPT PACKING pc=0x0000028b87e6ea5c sp=0x000000d4413fe060
Event: 3.976 Thread 0x0000028b9dda2a80 DEOPT UNPACKING pc=0x0000028b874a69a3 sp=0x000000d4413fe068 mode 2
Event: 3.978 Thread 0x0000028b9dda2a80 DEOPT PACKING pc=0x0000028b809c4eab sp=0x000000d4413fdd60
Event: 3.978 Thread 0x0000028b9dda2a80 DEOPT UNPACKING pc=0x0000028b874a7143 sp=0x000000d4413fd278 mode 0

Classes unloaded (0 events):
No events

Classes redefined (0 events):
No events

Internal exceptions (20 events):
Event: 3.386 Thread 0x0000028b9c8bac00 Exception <a 'java/lang/ClassNotFoundException'{0x00000000855135e8}: sync_studio_tooling11_5m0darbm1jqe1hos98exwul5rCustomizer> (0x00000000855135e8) 
thrown [s\src\hotspot\share\classfile\systemDictionary.cpp, line 256]
Event: 3.391 Thread 0x0000028b9c8bac00 Exception <a 'java/lang/ClassNotFoundException'{0x000000008555f308}: org/gradle/internal/metaobject/ConfigureDelegateBeanInfo> (0x000000008555f308) 
thrown [s\src\hotspot\share\classfile\systemDictionary.cpp, line 256]
Event: 3.391 Thread 0x0000028b9c8bac00 Exception <a 'java/lang/ClassNotFoundException'{0x000000008556f718}: org/gradle/internal/metaobject/ConfigureDelegateCustomizer> (0x000000008556f718) 
thrown [s\src\hotspot\share\classfile\systemDictionary.cpp, line 256]
Event: 3.395 Thread 0x0000028b9c8bac00 Exception <a 'java/lang/ClassNotFoundException'{0x00000000855bffc8}: org/gradle/api/internal/initialization/DefaultScriptHandlerBeanInfo> (0x00000000855bffc8) 
thrown [s\src\hotspot\share\classfile\systemDictionary.cpp, line 256]
Event: 3.396 Thread 0x0000028b9c8bac00 Exception <a 'java/lang/ClassNotFoundException'{0x00000000855d0508}: org/gradle/api/internal/initialization/DefaultScriptHandlerCustomizer> (0x00000000855d0508) 
thrown [s\src\hotspot\share\classfile\systemDictionary.cpp, line 256]
Event: 3.477 Thread 0x0000028b9c8bac00 Implicit null exception at 0x0000028b87d8c36c to 0x0000028b87d8c410
Event: 3.481 Thread 0x0000028b9c8bac00 Exception <a 'java/lang/ClassNotFoundException'{0x0000000084e528f0}: org/gradle/api/internal/artifacts/dsl/dependencies/DefaultDependencyHandler_DecoratedBeanInfo> (0x0000000084e528f0) 
thrown [s\src\hotspot\share\classfile\systemDictionary.cpp, line 256]
Event: 3.482 Thread 0x0000028b9c8bac00 Exception <a 'java/lang/ClassNotFoundException'{0x0000000084e68418}: org/gradle/api/internal/artifacts/dsl/dependencies/DefaultDependencyHandlerBeanInfo> (0x0000000084e68418) 
thrown [s\src\hotspot\share\classfile\systemDictionary.cpp, line 256]
Event: 3.482 Thread 0x0000028b9c8bac00 Exception <a 'java/lang/ClassNotFoundException'{0x0000000084e7d460}: org/gradle/api/internal/artifacts/dsl/dependencies/DefaultDependencyHandlerCustomizer> (0x0000000084e7d460) 
thrown [s\src\hotspot\share\classfile\systemDictionary.cpp, line 256]
Event: 3.485 Thread 0x0000028b9c8bac00 Exception <a 'java/lang/ClassNotFoundException'{0x0000000084ebc488}: org/gradle/api/internal/artifacts/dsl/dependencies/DefaultDependencyHandler_DecoratedCustomizer> (0x0000000084ebc488) 
thrown [s\src\hotspot\share\classfile\systemDictionary.cpp, line 256]
Event: 3.487 Thread 0x0000028b9c8bac00 Exception <a 'java/lang/ClassNotFoundException'{0x0000000084efd0e0}: sync_studio_tooling11_5m0darbm1jqe1hos98exwul5r$_run_closure1BeanInfo> (0x0000000084efd0e0) 
thrown [s\src\hotspot\share\classfile\systemDictionary.cpp, line 256]
Event: 3.488 Thread 0x0000028b9c8bac00 Exception <a 'java/lang/ClassNotFoundException'{0x0000000084d04630}: sync_studio_tooling11_5m0darbm1jqe1hos98exwul5r$_run_closure1Customizer> (0x0000000084d04630) 
thrown [s\src\hotspot\share\classfile\systemDictionary.cpp, line 256]
Event: 3.529 Thread 0x0000028b9c8bac00 Exception <a 'java/lang/NoSuchMethodError'{0x0000000084bf3b08}: 'java.lang.Object java.lang.invoke.DirectMethodHandle$Holder.newInvokeSpecial(java.lang.Object, int, java.lang.Object)'> (0x0000000084bf3b08) 
thrown [s\src\hotspot\share\interpreter\linkResolver.cpp, line 771]
Event: 3.638 Thread 0x0000028b9c8bac00 Exception <a 'java/lang/NoSuchMethodError'{0x00000000841d3c30}: 'int java.lang.invoke.DirectMethodHandle$Holder.invokeStatic(java.lang.Object)'> (0x00000000841d3c30) 
thrown [s\src\hotspot\share\interpreter\linkResolver.cpp, line 771]
Event: 3.638 Thread 0x0000028b9c8bac00 Exception <a 'java/lang/NoSuchMethodError'{0x00000000841d8020}: 'int java.lang.invoke.DirectMethodHandle$Holder.invokeStaticInit(java.lang.Object)'> (0x00000000841d8020) 
thrown [s\src\hotspot\share\interpreter\linkResolver.cpp, line 771]
Event: 3.650 Thread 0x0000028b9dda8ab0 Exception <a 'sun/nio/fs/WindowsException'{0x000000008da25ad8}> (0x000000008da25ad8) 
thrown [s\src\hotspot\share\prims\jni.cpp, line 517]
Event: 3.661 Thread 0x0000028b9dda2a80 Exception <a 'sun/nio/fs/WindowsException'{0x000000008d6fddb8}> (0x000000008d6fddb8) 
thrown [s\src\hotspot\share\prims\jni.cpp, line 517]
Event: 3.800 Thread 0x0000028b9dda8ab0 Exception <a 'sun/nio/fs/WindowsException'{0x000000008a3e8e30}> (0x000000008a3e8e30) 
thrown [s\src\hotspot\share\prims\jni.cpp, line 517]
Event: 3.801 Thread 0x0000028b9dda8ab0 Exception <a 'sun/nio/fs/WindowsException'{0x000000008a3e8fc0}> (0x000000008a3e8fc0) 
thrown [s\src\hotspot\share\prims\jni.cpp, line 517]
Event: 3.976 Thread 0x0000028b9dda2a80 Implicit null exception at 0x0000028b87e6dbcf to 0x0000028b87e6ea48

VM Operations (20 events):
Event: 3.220 Executing VM operation: G1CollectForAllocation
Event: 3.224 Executing VM operation: G1CollectForAllocation done
Event: 3.227 Executing VM operation: G1CollectForAllocation
Event: 3.231 Executing VM operation: G1CollectForAllocation done
Event: 3.363 Executing VM operation: HandshakeAllThreads
Event: 3.363 Executing VM operation: HandshakeAllThreads done
Event: 3.366 Executing VM operation: HandshakeAllThreads
Event: 3.366 Executing VM operation: HandshakeAllThreads done
Event: 3.439 Executing VM operation: ICBufferFull
Event: 3.439 Executing VM operation: ICBufferFull done
Event: 3.454 Executing VM operation: HandshakeAllThreads
Event: 3.454 Executing VM operation: HandshakeAllThreads done
Event: 3.469 Executing VM operation: HandshakeAllThreads
Event: 3.469 Executing VM operation: HandshakeAllThreads done
Event: 3.469 Executing VM operation: HandshakeAllThreads
Event: 3.469 Executing VM operation: HandshakeAllThreads done
Event: 3.644 Executing VM operation: G1TryInitiateConcMark
Event: 3.647 Executing VM operation: G1TryInitiateConcMark done
Event: 3.947 Executing VM operation: G1CollectForAllocation
Event: 3.951 Executing VM operation: G1CollectForAllocation done

Events (20 events):
Event: 3.349 loading class java/util/zip/Deflater
Event: 3.349 loading class java/util/zip/Deflater done
Event: 3.350 loading class java/util/zip/Deflater$DeflaterZStreamRef
Event: 3.350 loading class java/util/zip/Deflater$DeflaterZStreamRef done
Event: 3.353 loading class java/nio/channels/Channels
Event: 3.353 loading class java/nio/channels/Channels done
Event: 3.353 loading class sun/nio/ch/ChannelInputStream
Event: 3.354 loading class sun/nio/ch/ChannelInputStream done
Event: 3.365 loading class java/nio/StringCharBuffer
Event: 3.366 loading class java/nio/StringCharBuffer done
Event: 3.378 loading class java/nio/file/StandardCopyOption
Event: 3.378 loading class java/nio/file/StandardCopyOption done
Event: 3.378 loading class sun/nio/fs/WindowsFileCopy
Event: 3.378 loading class sun/nio/fs/WindowsFileCopy done
Event: 3.614 loading class java/io/DeleteOnExitHook
Event: 3.614 loading class java/io/DeleteOnExitHook done
Event: 3.614 loading class java/io/DeleteOnExitHook$1
Event: 3.614 loading class java/io/DeleteOnExitHook$1 done
Event: 3.653 loading class java/security/Key
Event: 3.653 loading class java/security/Key done


Dynamic libraries:
0x00007ff7f86b0000 - 0x00007ff7f86ba000 	C:\Program Files\Android\Android Studio\jbr\bin\java.exe
0x00007ffd37f10000 - 0x00007ffd38126000 	C:\WINDOWS\SYSTEM32\ntdll.dll
0x00007ffd36e20000 - 0x00007ffd36ee4000 	C:\WINDOWS\System32\KERNEL32.DLL
0x00007ffd35730000 - 0x00007ffd35ad6000 	C:\WINDOWS\System32\KERNELBASE.dll
0x0000000050690000 - 0x00000000509c2000 	C:\Program Files\Norton Security\NortonData\22.21.5.49\Definitions\IPSDefs\20240425.064\IPSEng64.dll
0x00007ffd36a70000 - 0x00007ffd36b22000 	C:\WINDOWS\System32\ADVAPI32.dll
0x00007ffd36d70000 - 0x00007ffd36e17000 	C:\WINDOWS\System32\msvcrt.dll
0x00007ffd371b0000 - 0x00007ffd37258000 	C:\WINDOWS\System32\sechost.dll
0x00007ffd35c30000 - 0x00007ffd35c58000 	C:\WINDOWS\System32\bcrypt.dll
0x00007ffd37ac0000 - 0x00007ffd37bd5000 	C:\WINDOWS\System32\RPCRT4.dll
0x00007ffd35c60000 - 0x00007ffd35c68000 	C:\WINDOWS\System32\PSAPI.DLL
0x00007ffd35500000 - 0x00007ffd35611000 	C:\WINDOWS\System32\ucrtbase.dll
0x00007ffd2d540000 - 0x00007ffd2d55b000 	C:\Program Files\Android\Android Studio\jbr\bin\VCRUNTIME140.dll
0x00007ffd051a0000 - 0x00007ffd051b7000 	C:\Program Files\Android\Android Studio\jbr\bin\jli.dll
0x00007ffd37860000 - 0x00007ffd37a0d000 	C:\WINDOWS\System32\USER32.dll
0x00007ffd35ae0000 - 0x00007ffd35b06000 	C:\WINDOWS\System32\win32u.dll
0x00007ffd36ef0000 - 0x00007ffd36f19000 	C:\WINDOWS\System32\GDI32.dll
0x00007ffd1bda0000 - 0x00007ffd1c033000 	C:\WINDOWS\WinSxS\amd64_microsoft.windows.common-controls_6595b64144ccf1df_6.0.22621.3235_none_270f74e173860f98\COMCTL32.dll
0x00007ffd35b10000 - 0x00007ffd35c28000 	C:\WINDOWS\System32\gdi32full.dll
0x00007ffd35690000 - 0x00007ffd3572a000 	C:\WINDOWS\System32\msvcp_win.dll
0x00007ffd36b90000 - 0x00007ffd36bc1000 	C:\WINDOWS\System32\IMM32.DLL
0x00007ffd2d530000 - 0x00007ffd2d53c000 	C:\Program Files\Android\Android Studio\jbr\bin\vcruntime140_1.dll
0x00007ffd18840000 - 0x00007ffd188cd000 	C:\Program Files\Android\Android Studio\jbr\bin\msvcp140.dll
0x00007ffca2220000 - 0x00007ffca2ea3000 	C:\Program Files\Android\Android Studio\jbr\bin\server\jvm.dll
0x00007ffd2bad0000 - 0x00007ffd2bb04000 	C:\WINDOWS\SYSTEM32\WINMM.dll
0x00007ffd272e0000 - 0x00007ffd272e9000 	C:\WINDOWS\SYSTEM32\WSOCK32.dll
0x00007ffd340e0000 - 0x00007ffd3412d000 	C:\WINDOWS\SYSTEM32\POWRPROF.dll
0x00007ffd2c850000 - 0x00007ffd2c85a000 	C:\WINDOWS\SYSTEM32\VERSION.dll
0x00007ffd364d0000 - 0x00007ffd36541000 	C:\WINDOWS\System32\WS2_32.dll
0x00007ffd340c0000 - 0x00007ffd340d3000 	C:\WINDOWS\SYSTEM32\UMPDC.dll
0x00007ffd34380000 - 0x00007ffd34398000 	C:\WINDOWS\SYSTEM32\kernel.appcore.dll
0x00007ffd26ab0000 - 0x00007ffd26aba000 	C:\Program Files\Android\Android Studio\jbr\bin\jimage.dll
0x00007ffd327f0000 - 0x00007ffd32a23000 	C:\WINDOWS\SYSTEM32\DBGHELP.DLL
0x00007ffd36570000 - 0x00007ffd368f8000 	C:\WINDOWS\System32\combase.dll
0x00007ffd36980000 - 0x00007ffd36a57000 	C:\WINDOWS\System32\OLEAUT32.dll
0x00007ffd220b0000 - 0x00007ffd220e2000 	C:\WINDOWS\SYSTEM32\dbgcore.DLL
0x00007ffd35250000 - 0x00007ffd352ca000 	C:\WINDOWS\System32\bcryptPrimitives.dll
0x00007ffd26540000 - 0x00007ffd26565000 	C:\Program Files\Android\Android Studio\jbr\bin\java.dll
0x00007ffd26830000 - 0x00007ffd26848000 	C:\Program Files\Android\Android Studio\jbr\bin\zip.dll
0x00007ffd35c70000 - 0x00007ffd364cd000 	C:\WINDOWS\System32\SHELL32.dll
0x00007ffd33180000 - 0x00007ffd33a78000 	C:\WINDOWS\SYSTEM32\windows.storage.dll
0x00007ffd33040000 - 0x00007ffd3317e000 	C:\WINDOWS\SYSTEM32\wintypes.dll
0x00007ffd37020000 - 0x00007ffd37113000 	C:\WINDOWS\System32\SHCORE.dll
0x00007ffd37be0000 - 0x00007ffd37c3e000 	C:\WINDOWS\System32\shlwapi.dll
0x00007ffd35180000 - 0x00007ffd351a6000 	C:\WINDOWS\SYSTEM32\profapi.dll
0x00007ffd26520000 - 0x00007ffd26539000 	C:\Program Files\Android\Android Studio\jbr\bin\net.dll
0x00007ffd2eb00000 - 0x00007ffd2ec37000 	C:\WINDOWS\SYSTEM32\WINHTTP.dll
0x00007ffd34800000 - 0x00007ffd34869000 	C:\WINDOWS\system32\mswsock.dll
0x00007ffd25250000 - 0x00007ffd25266000 	C:\Program Files\Android\Android Studio\jbr\bin\nio.dll
0x00007ffd24ea0000 - 0x00007ffd24eb0000 	C:\Program Files\Android\Android Studio\jbr\bin\verify.dll
0x00007ffd05170000 - 0x00007ffd05197000 	C:\Users\malho\.gradle\native\68d5fa5c4cc2d200863cafc0d521ce42e7d3e7ee720ec0a83991735586a16f82\windows-amd64\native-platform.dll
0x00007ffd17630000 - 0x00007ffd17774000 	C:\Users\malho\.gradle\native\e376f236ea51e6404a007f0833ffe2c6e607c4080706a723a18a27aeea778392\windows-amd64\native-platform-file-events.dll
0x00007ffd26aa0000 - 0x00007ffd26aa9000 	C:\Program Files\Android\Android Studio\jbr\bin\management.dll
0x00007ffd25240000 - 0x00007ffd2524b000 	C:\Program Files\Android\Android Studio\jbr\bin\management_ext.dll
0x00007ffd34a50000 - 0x00007ffd34a6b000 	C:\WINDOWS\SYSTEM32\CRYPTSP.dll
0x00007ffd342e0000 - 0x00007ffd34315000 	C:\WINDOWS\system32\rsaenh.dll
0x00007ffd348f0000 - 0x00007ffd3491c000 	C:\WINDOWS\SYSTEM32\USERENV.dll
0x00007ffd34a70000 - 0x00007ffd34a7c000 	C:\WINDOWS\SYSTEM32\CRYPTBASE.dll
0x00007ffd33da0000 - 0x00007ffd33dcd000 	C:\WINDOWS\SYSTEM32\IPHLPAPI.DLL
0x00007ffd37260000 - 0x00007ffd37269000 	C:\WINDOWS\System32\NSI.dll
0x00007ffd2c860000 - 0x00007ffd2c879000 	C:\WINDOWS\SYSTEM32\dhcpcsvc6.DLL
0x00007ffd2c7f0000 - 0x00007ffd2c80f000 	C:\WINDOWS\SYSTEM32\dhcpcsvc.DLL
0x00007ffd33dd0000 - 0x00007ffd33ec9000 	C:\WINDOWS\SYSTEM32\DNSAPI.dll
0x00007ffd285d0000 - 0x00007ffd285d8000 	C:\WINDOWS\system32\wshunix.dll

dbghelp: loaded successfully - version: 4.0.5 - missing functions: none
symbol engine: initialized successfully - sym options: 0x614 - pdb path: .;C:\Program Files\Android\Android Studio\jbr\bin;C:\WINDOWS\SYSTEM32;C:\Program Files\Norton Security\NortonData\22.21.5.49\Definitions\IPSDefs\20240425.064;C:\WINDOWS\WinSxS\amd64_microsoft.windows.common-controls_6595b64144ccf1df_6.0.22621.3235_none_270f74e173860f98;C:\Program Files\Android\Android Studio\jbr\bin\server;C:\Users\malho\.gradle\native\68d5fa5c4cc2d200863cafc0d521ce42e7d3e7ee720ec0a83991735586a16f82\windows-amd64;C:\Users\malho\.gradle\native\e376f236ea51e6404a007f0833ffe2c6e607c4080706a723a18a27aeea778392\windows-amd64

VM Arguments:
jvm_args: --add-opens=java.base/java.util=ALL-UNNAMED --add-opens=java.base/java.lang=ALL-UNNAMED --add-opens=java.base/java.lang.invoke=ALL-UNNAMED --add-opens=java.prefs/java.util.prefs=ALL-UNNAMED --add-opens=java.base/java.nio.charset=ALL-UNNAMED --add-opens=java.base/java.net=ALL-UNNAMED --add-opens=java.base/java.util.concurrent.atomic=ALL-UNNAMED -Xmx2048m -Dfile.encoding=UTF-8 -Duser.country=US -Duser.language=en -Duser.variant 
java_command: org.gradle.launcher.daemon.bootstrap.GradleDaemon 8.0
java_class_path (initial): C:\Users\malho\.gradle\wrapper\dists\gradle-8.0-bin\ca5e32bp14vu59qr306oxotwh\gradle-8.0\lib\gradle-launcher-8.0.jar
Launcher Type: SUN_STANDARD

[Global flags]
     intx CICompilerCount                          = 12                                        {product} {ergonomic}
     uint ConcGCThreads                            = 3                                         {product} {ergonomic}
     uint G1ConcRefinementThreads                  = 13                                        {product} {ergonomic}
   size_t G1HeapRegionSize                         = 1048576                                   {product} {ergonomic}
    uintx GCDrainStackTargetSize                   = 64                                        {product} {ergonomic}
   size_t InitialHeapSize                          = 130023424                                 {product} {ergonomic}
   size_t MarkStackSize                            = 4194304                                   {product} {ergonomic}
   size_t MaxHeapSize                              = 2147483648                                {product} {command line}
   size_t MaxNewSize                               = 1287651328                                {product} {ergonomic}
   size_t MinHeapDeltaBytes                        = 1048576                                   {product} {ergonomic}
   size_t MinHeapSize                              = 8388608                                   {product} {ergonomic}
    uintx NonNMethodCodeHeapSize                   = 7602480                                {pd product} {ergonomic}
    uintx NonProfiledCodeHeapSize                  = 122027880                              {pd product} {ergonomic}
    uintx ProfiledCodeHeapSize                     = 122027880                              {pd product} {ergonomic}
    uintx ReservedCodeCacheSize                    = 251658240                              {pd product} {ergonomic}
     bool SegmentedCodeCache                       = true                                      {product} {ergonomic}
   size_t SoftMaxHeapSize                          = 2147483648                             {manageable} {ergonomic}
     bool UseCompressedClassPointers               = true                           {product lp64_product} {ergonomic}
     bool UseCompressedOops                        = true                           {product lp64_product} {ergonomic}
     bool UseG1GC                                  = true                                      {product} {ergonomic}
     bool UseLargePagesIndividualAllocation        = false                                  {pd product} {ergonomic}

Logging:
Log output configuration:
 #0: stdout all=warning uptime,level,tags
 #1: stderr all=off uptime,level,tags

Environment Variables:
PATH=C:\Program Files\Eclipse Adoptium\jdk-21.0.2.13-hotspot\bin;C:\Windows\system32;C:\Windows;C:\Windows\System32\Wbem;C:\Windows\System32\WindowsPowerShell\v1.0\;C:\Windows\System32\OpenSSH\;C:\Program Files (x86)\NVIDIA Corporation\PhysX\Common;C:\Program Files\NVIDIA Corporation\NVIDIA NvDLISR;C:\msys64\mingw64\bin;C:\MinGW\bin;C:\WINDOWS\system32;C:\WINDOWS;C:\WINDOWS\System32\Wbem;C:\WINDOWS\System32\WindowsPowerShell\v1.0\;C:\WINDOWS\System32\OpenSSH\;C:\Program Files\MySQL\MySQL Server 8.0\bin;C:\Program Files\Git\cmd;C:\Users\malho\AppData\Local\Programs\Python\Python311\Scripts\;C:\Users\malho\AppData\Local\Programs\Python\Python311\;C:\Users\malho\AppData\Local\Microsoft\WindowsApps;C:\Users\malho\AppData\Local\Programs\Microsoft VS Code\bin;
USERNAME=malho
OS=Windows_NT
PROCESSOR_IDENTIFIER=Intel64 Family 6 Model 154 Stepping 3, GenuineIntel
TMP=C:\Users\malho\AppData\Local\Temp
TEMP=C:\Users\malho\AppData\Local\Temp



Periodic native trim disabled

JNI global refs:
JNI global refs: 35, weak refs: 68

JNI global refs memory usage: 843, weak refs: 1473

OOME stack traces (most recent first):
Classloader memory used:
Loader org.gradle.internal.classloader.VisitableURLClassLoader                         : 2724K
Loader bootstrap                                                                       : 2356K
Loader org.gradle.initialization.MixInLegacyTypesClassLoader                           : 642K
Loader jdk.internal.loader.ClassLoaders$PlatformClassLoader                            : 67307B
Loader org.gradle.internal.classloader.VisitableURLClassLoader                         : 53123B
Loader jdk.internal.loader.ClassLoaders$AppClassLoader                                 : 26051B
Loader jdk.internal.reflect.DelegatingClassLoader                                      : 21195B
Loader org.gradle.groovy.scripts.internal.DefaultScriptCompilationHandler$ScriptClassLoader: 3743B
Loader org.codehaus.groovy.runtime.callsite.CallSiteClassLoader                        : 876B

Classes loaded by more than one classloader:
Class org.gradle.api.GradleException                                                  : loaded 3 times (x 80B)
Class org.gradle.util.GradleVersion                                                   : loaded 2 times (x 81B)
Class org.gradle.internal.classpath.ClassPath                                         : loaded 2 times (x 68B)
Class org.gradle.api.internal.classpath.DefaultModuleRegistry                         : loaded 2 times (x 84B)
Class org.gradle.api.Action                                                           : loaded 2 times (x 68B)
Class org.gradle.api.internal.DefaultClassPathProvider                                : loaded 2 times (x 74B)
Class org.gradle.internal.installation.GradleInstallation$1                           : loaded 2 times (x 73B)
Class org.gradle.internal.exceptions.DefaultMultiCauseException                       : loaded 2 times (x 89B)
Class org.gradle.internal.time.MonotonicClock                                         : loaded 2 times (x 75B)
Class org.gradle.internal.classloader.FilteringClassLoader                            : loaded 2 times (x 103B)
Class org.gradle.internal.classpath.DefaultClassPath$ImmutableUniqueList$Builder      : loaded 2 times (x 73B)
Class org.gradle.internal.classloader.ClassLoaderVisitor                              : loaded 2 times (x 74B)
Class org.gradle.internal.time.DefaultCountdownTimer                                  : loaded 2 times (x 86B)
Class org.gradle.internal.service.DefaultServiceLocator                               : loaded 2 times (x 81B)
Class org.gradle.internal.service.UnknownServiceException                             : loaded 2 times (x 81B)
Class org.gradle.internal.classloader.DefaultClassLoaderFactory                       : loaded 2 times (x 80B)
Class org.gradle.internal.classloader.VisitableURLClassLoader$Spec                    : loaded 2 times (x 72B)
Class org.gradle.tooling.model.ProjectModel                                           : loaded 2 times (x 68B)
Class org.gradle.internal.installation.GradleInstallation                             : loaded 2 times (x 73B)
Class org.gradle.api.internal.classpath.ModuleRegistry                                : loaded 2 times (x 68B)
Class org.gradle.api.internal.ClassPathProvider                                       : loaded 2 times (x 68B)
Class org.gradle.internal.classloader.ClasspathUtil$1                                 : loaded 2 times (x 74B)
Class org.gradle.internal.classloader.ClassLoaderFactory                              : loaded 2 times (x 68B)
Class org.gradle.api.internal.classpath.ManifestUtil                                  : loaded 2 times (x 69B)
Class org.gradle.api.specs.Spec                                                       : loaded 2 times (x 68B)
Class org.gradle.internal.IoActions                                                   : loaded 2 times (x 69B)
Class org.gradle.api.internal.classpath.EffectiveClassPath                            : loaded 2 times (x 88B)
Class org.gradle.internal.installation.CurrentGradleInstallation                      : loaded 2 times (x 71B)
Class org.gradle.internal.installation.CurrentGradleInstallationLocator               : loaded 2 times (x 69B)
Class org.gradle.api.internal.classpath.Module                                        : loaded 2 times (x 68B)
Class org.gradle.internal.service.CachingServiceLocator                               : loaded 2 times (x 80B)
Class org.gradle.internal.time.Timer                                                  : loaded 2 times (x 68B)
Class org.gradle.internal.classpath.DefaultClassPath                                  : loaded 2 times (x 88B)
Class org.gradle.internal.time.Time                                                   : loaded 2 times (x 69B)
Class org.gradle.internal.time.TimeSource$1                                           : loaded 2 times (x 75B)
Class org.gradle.internal.classloader.SystemClassLoaderSpec                           : loaded 2 times (x 69B)
Class kotlin.Function                                                                 : loaded 2 times (x 68B)
Class org.gradle.api.UncheckedIOException                                             : loaded 2 times (x 80B)
Class org.gradle.internal.time.CountdownTimer                                         : loaded 2 times (x 68B)
Class org.gradle.internal.time.Clock                                                  : loaded 2 times (x 68B)
Class org.gradle.internal.classloader.ClasspathUtil                                   : loaded 2 times (x 69B)
Class org.gradle.api.internal.DefaultClassPathRegistry                                : loaded 2 times (x 74B)
Class org.gradle.api.internal.classpath.DefaultModuleRegistry$DefaultModule           : loaded 2 times (x 84B)
Class org.gradle.internal.time.TimeSource                                             : loaded 2 times (x 68B)
Class org.gradle.api.internal.classpath.UnknownModuleException                        : loaded 2 times (x 80B)
Class org.gradle.internal.service.ServiceLookupException                              : loaded 2 times (x 80B)
Class org.gradle.cache.GlobalCache                                                    : loaded 2 times (x 68B)
Class [Lorg.gradle.api.internal.ClassPathProvider;                                    : loaded 2 times (x 67B)
Class org.gradle.internal.operations.MultipleBuildOperationFailures                   : loaded 2 times (x 89B)
Class org.gradle.util.internal.GUtil                                                  : loaded 2 times (x 69B)
Class org.gradle.internal.classloader.ClassLoaderSpec                                 : loaded 2 times (x 69B)
Class org.gradle.internal.classloader.VisitableURLClassLoader                         : loaded 2 times (x 115B)
Class org.gradle.internal.Cast                                                        : loaded 2 times (x 69B)
Class org.gradle.api.internal.ClassPathRegistry                                       : loaded 2 times (x 68B)
Class org.gradle.internal.classloader.ClassLoaderHierarchy                            : loaded 2 times (x 68B)
Class org.gradle.internal.exceptions.MultiCauseException                              : loaded 2 times (x 68B)
Class org.gradle.internal.InternalTransformer                                         : loaded 2 times (x 68B)
Class org.gradle.internal.service.ServiceLocator                                      : loaded 2 times (x 68B)
Class org.gradle.internal.classpath.DefaultClassPath$ImmutableUniqueList              : loaded 2 times (x 159B)
Class org.gradle.internal.time.DefaultTimer                                           : loaded 2 times (x 78B)


---------------  S Y S T E M  ---------------

OS:
 Windows 11 , 64 bit Build 22621 (10.0.22621.3235)
OS uptime: 0 days 0:19 hours
Hyper-V role detected

CPU: total 16 (initial active 16) (8 cores per cpu, 2 threads per core) family 6 model 154 stepping 3 microcode 0x419, cx8, cmov, fxsr, ht, mmx, 3dnowpref, sse, sse2, sse3, ssse3, sse4.1, sse4.2, popcnt, lzcnt, tsc, tscinvbit, avx, avx2, aes, erms, clmul, bmi1, bmi2, adx, sha, fma, vzeroupper, clflush, clflushopt, clwb, hv
Processor Information for processor 0
  Max Mhz: 1700, Current Mhz: 1700, Mhz Limit: 1700
Processor Information for processor 1
  Max Mhz: 1700, Current Mhz: 1700, Mhz Limit: 1700
Processor Information for processor 2
  Max Mhz: 1700, Current Mhz: 1700, Mhz Limit: 1700
Processor Information for processor 3
  Max Mhz: 1700, Current Mhz: 1700, Mhz Limit: 1700
Processor Information for processor 4
  Max Mhz: 1700, Current Mhz: 1700, Mhz Limit: 1700
Processor Information for processor 5
  Max Mhz: 1700, Current Mhz: 1700, Mhz Limit: 1700
Processor Information for processor 6
  Max Mhz: 1700, Current Mhz: 1457, Mhz Limit: 1700
Processor Information for processor 7
  Max Mhz: 1700, Current Mhz: 1700, Mhz Limit: 1700
Processor Information for processor 8
  Max Mhz: 1700, Current Mhz: 1200, Mhz Limit: 1190
Processor Information for processor 9
  Max Mhz: 1700, Current Mhz: 1200, Mhz Limit: 1190
Processor Information for processor 10
  Max Mhz: 1700, Current Mhz: 1200, Mhz Limit: 1190
Processor Information for processor 11
  Max Mhz: 1700, Current Mhz: 1200, Mhz Limit: 1190
Processor Information for processor 12
  Max Mhz: 1700, Current Mhz: 1200, Mhz Limit: 1190
Processor Information for processor 13
  Max Mhz: 1700, Current Mhz: 1200, Mhz Limit: 1190
Processor Information for processor 14
  Max Mhz: 1700, Current Mhz: 1200, Mhz Limit: 1190
Processor Information for processor 15
  Max Mhz: 1700, Current Mhz: 1200, Mhz Limit: 1190

Memory: 4k page, system-wide physical 7896M (335M free)
TotalPageFile size 11396M (AvailPageFile size 9M)
current process WorkingSet (physical memory assigned to process): 393M, peak: 396M
current process commit charge ("private bytes"): 460M, peak: 466M

vm_info: OpenJDK 64-Bit Server VM (17.0.9+0--11185874) for windows-amd64 JRE (17.0.9+0--11185874), built on Dec  6 2023 18:57:44 by "androidbuild" with MS VC++ 16.10 / 16.11 (VS2019)

END.
